2020-10-17 18:29:11 INFO  [restartedMain]  com.MyblogApplication - Starting MyblogApplication on zlfdeMacBook-Pro.local with PID 1538 (/Users/zlf/Desktop/myblog/target/classes started by zlf in /Users/zlf/Desktop/myblog)
2020-10-17 18:29:11 INFO  [restartedMain]  com.MyblogApplication - No active profile set, falling back to default profiles: default
2020-10-17 18:29:11 INFO  [restartedMain]  o.s.b.d.e.DevToolsPropertyDefaultsPostProcessor - Devtools property defaults active! Set 'spring.devtools.add-properties' to 'false' to disable
2020-10-17 18:29:11 INFO  [restartedMain]  o.s.b.d.e.DevToolsPropertyDefaultsPostProcessor - For additional web related logging consider setting the 'logging.level.web' property to 'DEBUG'
2020-10-17 18:29:13 INFO  [restartedMain]  o.s.b.w.e.t.TomcatWebServer - Tomcat initialized with port(s): 8080 (http)
2020-10-17 18:29:13 INFO  [restartedMain]  o.a.c.http11.Http11NioProtocol - Initializing ProtocolHandler ["http-nio-8080"]
2020-10-17 18:29:13 INFO  [restartedMain]  o.a.c.core.StandardService - Starting service [Tomcat]
2020-10-17 18:29:13 INFO  [restartedMain]  o.a.c.core.StandardEngine - Starting Servlet engine: [Apache Tomcat/9.0.36]
2020-10-17 18:29:13 INFO  [restartedMain]  o.a.c.c.C.[.[localhost].[/] - Initializing Spring embedded WebApplicationContext
2020-10-17 18:29:13 INFO  [restartedMain]  o.s.b.w.s.c.ServletWebServerApplicationContext - Root WebApplicationContext: initialization completed in 2219 ms
2020-10-17 18:29:14 INFO  [restartedMain]  o.s.s.w.DefaultSecurityFilterChain - Creating filter chain: any request, [org.springframework.security.web.context.request.async.WebAsyncManagerIntegrationFilter@322f1031, org.springframework.security.web.context.SecurityContextPersistenceFilter@758e5412, org.springframework.security.web.header.HeaderWriterFilter@2c39969e, org.springframework.security.web.authentication.logout.LogoutFilter@6e9543cf, org.springframework.security.web.authentication.UsernamePasswordAuthenticationFilter@6e44ff7a, org.springframework.security.web.savedrequest.RequestCacheAwareFilter@630c4696, org.springframework.security.web.servletapi.SecurityContextHolderAwareRequestFilter@2c1c90a4, org.springframework.security.web.authentication.AnonymousAuthenticationFilter@7218a19e, org.springframework.security.web.session.SessionManagementFilter@3572ce3d, org.springframework.security.web.access.ExceptionTranslationFilter@5e7c1af6, org.springframework.security.web.access.intercept.FilterSecurityInterceptor@616cd8eb]
2020-10-17 18:29:14 INFO  [restartedMain]  s.d.s.w.PropertySourcedRequestMappingHandlerMapping - Mapped URL path [/v2/api-docs] onto method [springfox.documentation.swagger2.web.Swagger2Controller#getDocumentation(String, HttpServletRequest)]
2020-10-17 18:29:14 INFO  [restartedMain]  o.s.s.c.ThreadPoolTaskExecutor - Initializing ExecutorService 'applicationTaskExecutor'
2020-10-17 18:29:14 INFO  [restartedMain]  o.s.b.d.a.OptionalLiveReloadServer - LiveReload server is running on port 35729
2020-10-17 18:29:14 INFO  [restartedMain]  o.s.b.a.w.s.WelcomePageHandlerMapping - Adding welcome page template: index
2020-10-17 18:29:15 INFO  [restartedMain]  o.a.c.http11.Http11NioProtocol - Starting ProtocolHandler ["http-nio-8080"]
2020-10-17 18:29:15 INFO  [restartedMain]  o.s.b.w.e.t.TomcatWebServer - Tomcat started on port(s): 8080 (http) with context path ''
2020-10-17 18:29:15 INFO  [restartedMain]  s.d.s.w.p.DocumentationPluginsBootstrapper - Context refreshed
2020-10-17 18:29:15 INFO  [restartedMain]  s.d.s.w.p.DocumentationPluginsBootstrapper - Found 1 custom documentation plugin(s)
2020-10-17 18:29:15 INFO  [restartedMain]  s.d.s.w.s.ApiListingReferenceScanner - Scanning for api listing references
2020-10-17 18:29:15 INFO  [restartedMain]  s.d.s.w.r.o.CachingOperationNameGenerator - Generating unique operation named: addBlogUsingGET_1
2020-10-17 18:29:15 INFO  [restartedMain]  s.d.s.w.r.o.CachingOperationNameGenerator - Generating unique operation named: addBlogUsingHEAD_1
2020-10-17 18:29:15 INFO  [restartedMain]  s.d.s.w.r.o.CachingOperationNameGenerator - Generating unique operation named: addBlogUsingPOST_1
2020-10-17 18:29:15 INFO  [restartedMain]  s.d.s.w.r.o.CachingOperationNameGenerator - Generating unique operation named: addBlogUsingPUT_1
2020-10-17 18:29:15 INFO  [restartedMain]  s.d.s.w.r.o.CachingOperationNameGenerator - Generating unique operation named: addBlogUsingPATCH_1
2020-10-17 18:29:15 INFO  [restartedMain]  s.d.s.w.r.o.CachingOperationNameGenerator - Generating unique operation named: addBlogUsingDELETE_1
2020-10-17 18:29:15 INFO  [restartedMain]  s.d.s.w.r.o.CachingOperationNameGenerator - Generating unique operation named: addBlogUsingOPTIONS_1
2020-10-17 18:29:15 INFO  [restartedMain]  s.d.s.w.r.o.CachingOperationNameGenerator - Generating unique operation named: addBlogUsingTRACE_1
2020-10-17 18:29:15 INFO  [restartedMain]  s.d.s.w.r.o.CachingOperationNameGenerator - Generating unique operation named: adminIndexUsingGET_1
2020-10-17 18:29:15 INFO  [restartedMain]  s.d.s.w.r.o.CachingOperationNameGenerator - Generating unique operation named: adminIndexUsingHEAD_1
2020-10-17 18:29:15 INFO  [restartedMain]  s.d.s.w.r.o.CachingOperationNameGenerator - Generating unique operation named: adminIndexUsingPOST_1
2020-10-17 18:29:15 INFO  [restartedMain]  s.d.s.w.r.o.CachingOperationNameGenerator - Generating unique operation named: adminIndexUsingPUT_1
2020-10-17 18:29:15 INFO  [restartedMain]  s.d.s.w.r.o.CachingOperationNameGenerator - Generating unique operation named: adminIndexUsingPATCH_1
2020-10-17 18:29:15 INFO  [restartedMain]  s.d.s.w.r.o.CachingOperationNameGenerator - Generating unique operation named: adminIndexUsingDELETE_1
2020-10-17 18:29:15 INFO  [restartedMain]  s.d.s.w.r.o.CachingOperationNameGenerator - Generating unique operation named: adminIndexUsingOPTIONS_1
2020-10-17 18:29:15 INFO  [restartedMain]  s.d.s.w.r.o.CachingOperationNameGenerator - Generating unique operation named: adminIndexUsingTRACE_1
2020-10-17 18:29:15 INFO  [restartedMain]  s.d.s.w.r.o.CachingOperationNameGenerator - Generating unique operation named: indexUsingGET_1
2020-10-17 18:29:15 INFO  [restartedMain]  com.MyblogApplication - Started MyblogApplication in 4.115 seconds (JVM running for 10.156)
2020-10-17 18:29:37 INFO  [http-nio-8080-exec-1]  o.a.c.c.C.[.[localhost].[/] - Initializing Spring DispatcherServlet 'dispatcherServlet'
2020-10-17 18:29:37 INFO  [http-nio-8080-exec-1]  o.s.w.s.DispatcherServlet - Initializing Servlet 'dispatcherServlet'
2020-10-17 18:29:37 INFO  [http-nio-8080-exec-1]  o.s.w.s.DispatcherServlet - Completed initialization in 4 ms
2020-10-17 18:29:37 INFO  [http-nio-8080-exec-1]  c.a.druid.pool.DruidDataSource - {dataSource-1} inited
2020-10-17 18:30:37 WARN  [http-nio-8080-exec-1]  o.s.w.s.m.s.DefaultHandlerExceptionResolver - Resolved [org.springframework.web.method.annotation.MethodArgumentTypeMismatchException: Failed to convert value of type 'java.lang.String' to required type 'java.util.Date'; nested exception is org.springframework.core.convert.ConversionFailedException: Failed to convert from type [java.lang.String] to type [@org.springframework.web.bind.annotation.RequestParam java.util.Date] for value 'Sat Oct 17 2020 18:30:37 GMT+0800 (中国标准时间)'; nested exception is java.lang.IllegalArgumentException: Parse attempt failed for value [Sat Oct 17 2020 18:30:37 GMT+0800 (中国标准时间)]]
2020-10-17 18:33:24 WARN  [http-nio-8080-exec-7]  o.s.w.s.m.s.DefaultHandlerExceptionResolver - Resolved [org.springframework.web.method.annotation.MethodArgumentTypeMismatchException: Failed to convert value of type 'java.lang.String' to required type 'java.util.Date'; nested exception is org.springframework.core.convert.ConversionFailedException: Failed to convert from type [java.lang.String] to type [@org.springframework.web.bind.annotation.RequestParam java.util.Date] for value 'Sat Oct 17 2020 18:33:23 GMT+0800 (中国标准时间)'; nested exception is java.lang.IllegalArgumentException: Parse attempt failed for value [Sat Oct 17 2020 18:33:23 GMT+0800 (中国标准时间)]]
2020-10-17 18:35:22 INFO  [SpringContextShutdownHook]  o.s.s.c.ThreadPoolTaskExecutor - Shutting down ExecutorService 'applicationTaskExecutor'
2020-10-17 18:35:22 INFO  [SpringContextShutdownHook]  c.a.druid.pool.DruidDataSource - {dataSource-1} closing ...
2020-10-17 18:35:22 INFO  [SpringContextShutdownHook]  c.a.druid.pool.DruidDataSource - {dataSource-1} closed
2020-10-17 18:35:46 INFO  [restartedMain]  com.MyblogApplication - Starting MyblogApplication on zlfdeMacBook-Pro.local with PID 1629 (/Users/zlf/Desktop/myblog/target/classes started by zlf in /Users/zlf/Desktop/myblog)
2020-10-17 18:35:46 INFO  [restartedMain]  com.MyblogApplication - No active profile set, falling back to default profiles: default
2020-10-17 18:35:46 INFO  [restartedMain]  o.s.b.d.e.DevToolsPropertyDefaultsPostProcessor - Devtools property defaults active! Set 'spring.devtools.add-properties' to 'false' to disable
2020-10-17 18:35:46 INFO  [restartedMain]  o.s.b.d.e.DevToolsPropertyDefaultsPostProcessor - For additional web related logging consider setting the 'logging.level.web' property to 'DEBUG'
2020-10-17 18:35:49 INFO  [restartedMain]  o.s.b.w.e.t.TomcatWebServer - Tomcat initialized with port(s): 8080 (http)
2020-10-17 18:35:49 INFO  [restartedMain]  o.a.c.http11.Http11NioProtocol - Initializing ProtocolHandler ["http-nio-8080"]
2020-10-17 18:35:49 INFO  [restartedMain]  o.a.c.core.StandardService - Starting service [Tomcat]
2020-10-17 18:35:49 INFO  [restartedMain]  o.a.c.core.StandardEngine - Starting Servlet engine: [Apache Tomcat/9.0.36]
2020-10-17 18:35:49 INFO  [restartedMain]  o.a.c.c.C.[.[localhost].[/] - Initializing Spring embedded WebApplicationContext
2020-10-17 18:35:49 INFO  [restartedMain]  o.s.b.w.s.c.ServletWebServerApplicationContext - Root WebApplicationContext: initialization completed in 2604 ms
2020-10-17 18:35:50 INFO  [restartedMain]  o.s.s.w.DefaultSecurityFilterChain - Creating filter chain: any request, [org.springframework.security.web.context.request.async.WebAsyncManagerIntegrationFilter@695b342, org.springframework.security.web.context.SecurityContextPersistenceFilter@37f029b3, org.springframework.security.web.header.HeaderWriterFilter@24ed23ec, org.springframework.security.web.authentication.logout.LogoutFilter@5b558539, org.springframework.security.web.authentication.UsernamePasswordAuthenticationFilter@10c9ba01, org.springframework.security.web.savedrequest.RequestCacheAwareFilter@402283aa, org.springframework.security.web.servletapi.SecurityContextHolderAwareRequestFilter@620d2f4, org.springframework.security.web.authentication.AnonymousAuthenticationFilter@1bb75e8, org.springframework.security.web.session.SessionManagementFilter@787f45e7, org.springframework.security.web.access.ExceptionTranslationFilter@7525d77, org.springframework.security.web.access.intercept.FilterSecurityInterceptor@7fd61460]
2020-10-17 18:35:50 INFO  [restartedMain]  s.d.s.w.PropertySourcedRequestMappingHandlerMapping - Mapped URL path [/v2/api-docs] onto method [springfox.documentation.swagger2.web.Swagger2Controller#getDocumentation(String, HttpServletRequest)]
2020-10-17 18:35:50 INFO  [restartedMain]  o.s.s.c.ThreadPoolTaskExecutor - Initializing ExecutorService 'applicationTaskExecutor'
2020-10-17 18:35:50 INFO  [restartedMain]  o.s.b.d.a.OptionalLiveReloadServer - LiveReload server is running on port 35729
2020-10-17 18:35:50 INFO  [restartedMain]  o.s.b.a.w.s.WelcomePageHandlerMapping - Adding welcome page template: index
2020-10-17 18:35:50 INFO  [restartedMain]  o.a.c.http11.Http11NioProtocol - Starting ProtocolHandler ["http-nio-8080"]
2020-10-17 18:35:50 INFO  [restartedMain]  o.s.b.w.e.t.TomcatWebServer - Tomcat started on port(s): 8080 (http) with context path ''
2020-10-17 18:35:50 INFO  [restartedMain]  s.d.s.w.p.DocumentationPluginsBootstrapper - Context refreshed
2020-10-17 18:35:50 INFO  [restartedMain]  s.d.s.w.p.DocumentationPluginsBootstrapper - Found 1 custom documentation plugin(s)
2020-10-17 18:35:50 INFO  [restartedMain]  s.d.s.w.s.ApiListingReferenceScanner - Scanning for api listing references
2020-10-17 18:35:50 INFO  [restartedMain]  s.d.s.w.r.o.CachingOperationNameGenerator - Generating unique operation named: addBlogUsingGET_1
2020-10-17 18:35:50 INFO  [restartedMain]  s.d.s.w.r.o.CachingOperationNameGenerator - Generating unique operation named: addBlogUsingHEAD_1
2020-10-17 18:35:50 INFO  [restartedMain]  s.d.s.w.r.o.CachingOperationNameGenerator - Generating unique operation named: addBlogUsingPOST_1
2020-10-17 18:35:50 INFO  [restartedMain]  s.d.s.w.r.o.CachingOperationNameGenerator - Generating unique operation named: addBlogUsingPUT_1
2020-10-17 18:35:50 INFO  [restartedMain]  s.d.s.w.r.o.CachingOperationNameGenerator - Generating unique operation named: addBlogUsingPATCH_1
2020-10-17 18:35:50 INFO  [restartedMain]  s.d.s.w.r.o.CachingOperationNameGenerator - Generating unique operation named: addBlogUsingDELETE_1
2020-10-17 18:35:50 INFO  [restartedMain]  s.d.s.w.r.o.CachingOperationNameGenerator - Generating unique operation named: addBlogUsingOPTIONS_1
2020-10-17 18:35:50 INFO  [restartedMain]  s.d.s.w.r.o.CachingOperationNameGenerator - Generating unique operation named: addBlogUsingTRACE_1
2020-10-17 18:35:50 INFO  [restartedMain]  s.d.s.w.r.o.CachingOperationNameGenerator - Generating unique operation named: adminIndexUsingGET_1
2020-10-17 18:35:50 INFO  [restartedMain]  s.d.s.w.r.o.CachingOperationNameGenerator - Generating unique operation named: adminIndexUsingHEAD_1
2020-10-17 18:35:50 INFO  [restartedMain]  s.d.s.w.r.o.CachingOperationNameGenerator - Generating unique operation named: adminIndexUsingPOST_1
2020-10-17 18:35:50 INFO  [restartedMain]  s.d.s.w.r.o.CachingOperationNameGenerator - Generating unique operation named: adminIndexUsingPUT_1
2020-10-17 18:35:50 INFO  [restartedMain]  s.d.s.w.r.o.CachingOperationNameGenerator - Generating unique operation named: adminIndexUsingPATCH_1
2020-10-17 18:35:50 INFO  [restartedMain]  s.d.s.w.r.o.CachingOperationNameGenerator - Generating unique operation named: adminIndexUsingDELETE_1
2020-10-17 18:35:50 INFO  [restartedMain]  s.d.s.w.r.o.CachingOperationNameGenerator - Generating unique operation named: adminIndexUsingOPTIONS_1
2020-10-17 18:35:50 INFO  [restartedMain]  s.d.s.w.r.o.CachingOperationNameGenerator - Generating unique operation named: adminIndexUsingTRACE_1
2020-10-17 18:35:50 INFO  [restartedMain]  s.d.s.w.r.o.CachingOperationNameGenerator - Generating unique operation named: indexUsingGET_1
2020-10-17 18:35:50 INFO  [restartedMain]  com.MyblogApplication - Started MyblogApplication in 4.221 seconds (JVM running for 9.916)
2020-10-17 18:36:21 INFO  [http-nio-8080-exec-1]  o.a.c.c.C.[.[localhost].[/] - Initializing Spring DispatcherServlet 'dispatcherServlet'
2020-10-17 18:36:21 INFO  [http-nio-8080-exec-1]  o.s.w.s.DispatcherServlet - Initializing Servlet 'dispatcherServlet'
2020-10-17 18:36:21 INFO  [http-nio-8080-exec-1]  o.s.w.s.DispatcherServlet - Completed initialization in 7 ms
2020-10-17 18:36:21 INFO  [http-nio-8080-exec-1]  c.a.druid.pool.DruidDataSource - {dataSource-1} inited
2020-10-17 18:37:05 WARN  [http-nio-8080-exec-2]  o.s.w.s.m.s.DefaultHandlerExceptionResolver - Resolved [org.springframework.web.method.annotation.MethodArgumentTypeMismatchException: Failed to convert value of type 'java.lang.String' to required type 'java.util.Date'; nested exception is org.springframework.core.convert.ConversionFailedException: Failed to convert from type [java.lang.String] to type [@org.springframework.web.bind.annotation.RequestParam java.util.Date] for value 'Sat Oct 17 2020 18:37:05 GMT+0800 (中国标准时间)'; nested exception is java.lang.IllegalArgumentException: Parse attempt failed for value [Sat Oct 17 2020 18:37:05 GMT+0800 (中国标准时间)]]
2020-10-17 18:44:24 WARN  [http-nio-8080-exec-6]  o.s.w.s.m.s.DefaultHandlerExceptionResolver - Resolved [org.springframework.web.method.annotation.MethodArgumentTypeMismatchException: Failed to convert value of type 'java.lang.String' to required type 'java.util.Date'; nested exception is org.springframework.core.convert.ConversionFailedException: Failed to convert from type [java.lang.String] to type [@org.springframework.web.bind.annotation.RequestParam java.util.Date] for value 'Sat Oct 17 2020 18:44:24 GMT+0800 (中国标准时间)'; nested exception is java.lang.IllegalArgumentException: Parse attempt failed for value [Sat Oct 17 2020 18:44:24 GMT+0800 (中国标准时间)]]
2020-10-17 18:44:26 WARN  [http-nio-8080-exec-5]  o.s.w.s.m.s.DefaultHandlerExceptionResolver - Resolved [org.springframework.web.bind.MissingServletRequestParameterException: Required String parameter 'title' is not present]
2020-10-17 18:44:56 WARN  [http-nio-8080-exec-9]  o.s.w.s.m.s.DefaultHandlerExceptionResolver - Resolved [org.springframework.web.bind.MissingServletRequestParameterException: Required String parameter 'title' is not present]
2020-10-17 18:45:10 INFO  [SpringContextShutdownHook]  o.s.s.c.ThreadPoolTaskExecutor - Shutting down ExecutorService 'applicationTaskExecutor'
2020-10-17 18:45:10 INFO  [SpringContextShutdownHook]  c.a.druid.pool.DruidDataSource - {dataSource-1} closing ...
2020-10-17 18:45:10 INFO  [SpringContextShutdownHook]  c.a.druid.pool.DruidDataSource - {dataSource-1} closed
2020-10-17 18:46:12 INFO  [restartedMain]  com.MyblogApplication - Starting MyblogApplication on zlfdeMacBook-Pro.local with PID 1703 (/Users/zlf/Desktop/myblog/target/classes started by zlf in /Users/zlf/Desktop/myblog)
2020-10-17 18:46:12 INFO  [restartedMain]  com.MyblogApplication - No active profile set, falling back to default profiles: default
2020-10-17 18:46:12 INFO  [restartedMain]  o.s.b.d.e.DevToolsPropertyDefaultsPostProcessor - Devtools property defaults active! Set 'spring.devtools.add-properties' to 'false' to disable
2020-10-17 18:46:12 INFO  [restartedMain]  o.s.b.d.e.DevToolsPropertyDefaultsPostProcessor - For additional web related logging consider setting the 'logging.level.web' property to 'DEBUG'
2020-10-17 18:46:14 INFO  [restartedMain]  o.s.b.w.e.t.TomcatWebServer - Tomcat initialized with port(s): 8080 (http)
2020-10-17 18:46:14 INFO  [restartedMain]  o.a.c.http11.Http11NioProtocol - Initializing ProtocolHandler ["http-nio-8080"]
2020-10-17 18:46:14 INFO  [restartedMain]  o.a.c.core.StandardService - Starting service [Tomcat]
2020-10-17 18:46:14 INFO  [restartedMain]  o.a.c.core.StandardEngine - Starting Servlet engine: [Apache Tomcat/9.0.36]
2020-10-17 18:46:14 INFO  [restartedMain]  o.a.c.c.C.[.[localhost].[/] - Initializing Spring embedded WebApplicationContext
2020-10-17 18:46:14 INFO  [restartedMain]  o.s.b.w.s.c.ServletWebServerApplicationContext - Root WebApplicationContext: initialization completed in 2065 ms
2020-10-17 18:46:15 INFO  [restartedMain]  o.s.s.w.DefaultSecurityFilterChain - Creating filter chain: any request, [org.springframework.security.web.context.request.async.WebAsyncManagerIntegrationFilter@5078714, org.springframework.security.web.context.SecurityContextPersistenceFilter@fcd1ee5, org.springframework.security.web.header.HeaderWriterFilter@77896142, org.springframework.security.web.authentication.logout.LogoutFilter@739e942e, org.springframework.security.web.authentication.UsernamePasswordAuthenticationFilter@7cb84491, org.springframework.security.web.savedrequest.RequestCacheAwareFilter@12a41a5a, org.springframework.security.web.servletapi.SecurityContextHolderAwareRequestFilter@7fdc08f1, org.springframework.security.web.authentication.AnonymousAuthenticationFilter@1acdedb8, org.springframework.security.web.session.SessionManagementFilter@13691b0d, org.springframework.security.web.access.ExceptionTranslationFilter@69be4aae, org.springframework.security.web.access.intercept.FilterSecurityInterceptor@43ee1666]
2020-10-17 18:46:15 INFO  [restartedMain]  s.d.s.w.PropertySourcedRequestMappingHandlerMapping - Mapped URL path [/v2/api-docs] onto method [springfox.documentation.swagger2.web.Swagger2Controller#getDocumentation(String, HttpServletRequest)]
2020-10-17 18:46:15 INFO  [restartedMain]  o.s.s.c.ThreadPoolTaskExecutor - Initializing ExecutorService 'applicationTaskExecutor'
2020-10-17 18:46:15 INFO  [restartedMain]  o.s.b.d.a.OptionalLiveReloadServer - LiveReload server is running on port 35729
2020-10-17 18:46:15 INFO  [restartedMain]  o.s.b.a.w.s.WelcomePageHandlerMapping - Adding welcome page template: index
2020-10-17 18:46:15 INFO  [restartedMain]  o.a.c.http11.Http11NioProtocol - Starting ProtocolHandler ["http-nio-8080"]
2020-10-17 18:46:15 INFO  [restartedMain]  o.s.b.w.e.t.TomcatWebServer - Tomcat started on port(s): 8080 (http) with context path ''
2020-10-17 18:46:15 INFO  [restartedMain]  s.d.s.w.p.DocumentationPluginsBootstrapper - Context refreshed
2020-10-17 18:46:15 INFO  [restartedMain]  s.d.s.w.p.DocumentationPluginsBootstrapper - Found 1 custom documentation plugin(s)
2020-10-17 18:46:15 INFO  [restartedMain]  s.d.s.w.s.ApiListingReferenceScanner - Scanning for api listing references
2020-10-17 18:46:16 INFO  [restartedMain]  s.d.s.w.r.o.CachingOperationNameGenerator - Generating unique operation named: addBlogUsingGET_1
2020-10-17 18:46:16 INFO  [restartedMain]  s.d.s.w.r.o.CachingOperationNameGenerator - Generating unique operation named: addBlogUsingHEAD_1
2020-10-17 18:46:16 INFO  [restartedMain]  s.d.s.w.r.o.CachingOperationNameGenerator - Generating unique operation named: addBlogUsingPOST_1
2020-10-17 18:46:16 INFO  [restartedMain]  s.d.s.w.r.o.CachingOperationNameGenerator - Generating unique operation named: addBlogUsingPUT_1
2020-10-17 18:46:16 INFO  [restartedMain]  s.d.s.w.r.o.CachingOperationNameGenerator - Generating unique operation named: addBlogUsingPATCH_1
2020-10-17 18:46:16 INFO  [restartedMain]  s.d.s.w.r.o.CachingOperationNameGenerator - Generating unique operation named: addBlogUsingDELETE_1
2020-10-17 18:46:16 INFO  [restartedMain]  s.d.s.w.r.o.CachingOperationNameGenerator - Generating unique operation named: addBlogUsingOPTIONS_1
2020-10-17 18:46:16 INFO  [restartedMain]  s.d.s.w.r.o.CachingOperationNameGenerator - Generating unique operation named: addBlogUsingTRACE_1
2020-10-17 18:46:16 INFO  [restartedMain]  s.d.s.w.r.o.CachingOperationNameGenerator - Generating unique operation named: adminIndexUsingGET_1
2020-10-17 18:46:16 INFO  [restartedMain]  s.d.s.w.r.o.CachingOperationNameGenerator - Generating unique operation named: adminIndexUsingHEAD_1
2020-10-17 18:46:16 INFO  [restartedMain]  s.d.s.w.r.o.CachingOperationNameGenerator - Generating unique operation named: adminIndexUsingPOST_1
2020-10-17 18:46:16 INFO  [restartedMain]  s.d.s.w.r.o.CachingOperationNameGenerator - Generating unique operation named: adminIndexUsingPUT_1
2020-10-17 18:46:16 INFO  [restartedMain]  s.d.s.w.r.o.CachingOperationNameGenerator - Generating unique operation named: adminIndexUsingPATCH_1
2020-10-17 18:46:16 INFO  [restartedMain]  s.d.s.w.r.o.CachingOperationNameGenerator - Generating unique operation named: adminIndexUsingDELETE_1
2020-10-17 18:46:16 INFO  [restartedMain]  s.d.s.w.r.o.CachingOperationNameGenerator - Generating unique operation named: adminIndexUsingOPTIONS_1
2020-10-17 18:46:16 INFO  [restartedMain]  s.d.s.w.r.o.CachingOperationNameGenerator - Generating unique operation named: adminIndexUsingTRACE_1
2020-10-17 18:46:16 INFO  [restartedMain]  s.d.s.w.r.o.CachingOperationNameGenerator - Generating unique operation named: indexUsingGET_1
2020-10-17 18:46:16 INFO  [restartedMain]  com.MyblogApplication - Started MyblogApplication in 3.542 seconds (JVM running for 9.141)
2020-10-17 18:46:25 INFO  [http-nio-8080-exec-1]  o.a.c.c.C.[.[localhost].[/] - Initializing Spring DispatcherServlet 'dispatcherServlet'
2020-10-17 18:46:25 INFO  [http-nio-8080-exec-1]  o.s.w.s.DispatcherServlet - Initializing Servlet 'dispatcherServlet'
2020-10-17 18:46:25 INFO  [http-nio-8080-exec-1]  o.s.w.s.DispatcherServlet - Completed initialization in 5 ms
2020-10-17 18:46:25 INFO  [http-nio-8080-exec-1]  c.a.druid.pool.DruidDataSource - {dataSource-1} inited
2020-10-17 18:47:05 WARN  [http-nio-8080-exec-9]  o.s.w.s.m.s.DefaultHandlerExceptionResolver - Resolved [org.springframework.web.method.annotation.MethodArgumentTypeMismatchException: Failed to convert value of type 'java.lang.String' to required type 'java.util.Date'; nested exception is org.springframework.core.convert.ConversionFailedException: Failed to convert from type [java.lang.String] to type [@org.springframework.web.bind.annotation.RequestParam java.util.Date] for value 'Sat Oct 17 2020 18:47:05 GMT+0800 (中国标准时间)'; nested exception is java.lang.IllegalArgumentException: Parse attempt failed for value [Sat Oct 17 2020 18:47:05 GMT+0800 (中国标准时间)]]
2020-10-17 18:52:39 WARN  [http-nio-8080-exec-4]  o.s.w.s.m.s.DefaultHandlerExceptionResolver - Resolved [org.springframework.web.method.annotation.MethodArgumentTypeMismatchException: Failed to convert value of type 'java.lang.String' to required type 'java.util.Date'; nested exception is org.springframework.core.convert.ConversionFailedException: Failed to convert from type [java.lang.String] to type [@org.springframework.web.bind.annotation.RequestParam java.util.Date] for value 'Sat Oct 17 2020 18:52:39 GMT+0800 (中国标准时间)'; nested exception is java.lang.IllegalArgumentException: Parse attempt failed for value [Sat Oct 17 2020 18:52:39 GMT+0800 (中国标准时间)]]
2020-10-17 18:52:59 WARN  [http-nio-8080-exec-2]  o.s.w.s.m.s.DefaultHandlerExceptionResolver - Resolved [org.springframework.web.bind.MissingServletRequestParameterException: Required String parameter 'title' is not present]
2020-10-17 18:56:23 WARN  [http-nio-8080-exec-5]  o.s.w.s.m.s.DefaultHandlerExceptionResolver - Resolved [org.springframework.web.method.annotation.MethodArgumentTypeMismatchException: Failed to convert value of type 'java.lang.String' to required type 'java.util.Date'; nested exception is org.springframework.core.convert.ConversionFailedException: Failed to convert from type [java.lang.String] to type [@org.springframework.web.bind.annotation.RequestParam java.util.Date] for value 'Sat Oct 17 2020 18:56:23 GMT+0800 (中国标准时间)'; nested exception is java.lang.IllegalArgumentException: Parse attempt failed for value [Sat Oct 17 2020 18:56:23 GMT+0800 (中国标准时间)]]
2020-10-17 18:56:24 WARN  [http-nio-8080-exec-10]  o.s.w.s.m.s.DefaultHandlerExceptionResolver - Resolved [org.springframework.web.bind.MissingServletRequestParameterException: Required String parameter 'title' is not present]
2020-10-17 18:57:00 INFO  [SpringContextShutdownHook]  o.s.s.c.ThreadPoolTaskExecutor - Shutting down ExecutorService 'applicationTaskExecutor'
2020-10-17 18:57:00 INFO  [SpringContextShutdownHook]  c.a.druid.pool.DruidDataSource - {dataSource-1} closing ...
2020-10-17 18:57:00 INFO  [SpringContextShutdownHook]  c.a.druid.pool.DruidDataSource - {dataSource-1} closed
