2020-10-30 21:24:28 INFO  [restartedMain]  com.MyblogApplication - Starting MyblogApplication on zlfdeMBP with PID 1083 (/Users/zlf/Desktop/myblog/target/classes started by zlf in /Users/zlf/Desktop/myblog)
2020-10-30 21:24:28 INFO  [restartedMain]  com.MyblogApplication - No active profile set, falling back to default profiles: default
2020-10-30 21:24:28 INFO  [restartedMain]  o.s.b.d.e.DevToolsPropertyDefaultsPostProcessor - Devtools property defaults active! Set 'spring.devtools.add-properties' to 'false' to disable
2020-10-30 21:24:28 INFO  [restartedMain]  o.s.b.d.e.DevToolsPropertyDefaultsPostProcessor - For additional web related logging consider setting the 'logging.level.web' property to 'DEBUG'
2020-10-30 21:24:32 INFO  [restartedMain]  o.s.b.w.e.t.TomcatWebServer - Tomcat initialized with port(s): 8080 (http)
2020-10-30 21:24:32 INFO  [restartedMain]  o.a.c.http11.Http11NioProtocol - Initializing ProtocolHandler ["http-nio-8080"]
2020-10-30 21:24:32 INFO  [restartedMain]  o.a.c.core.StandardService - Starting service [Tomcat]
2020-10-30 21:24:32 INFO  [restartedMain]  o.a.c.core.StandardEngine - Starting Servlet engine: [Apache Tomcat/9.0.36]
2020-10-30 21:24:33 INFO  [restartedMain]  o.a.c.c.C.[.[localhost].[/] - Initializing Spring embedded WebApplicationContext
2020-10-30 21:24:33 INFO  [restartedMain]  o.s.b.w.s.c.ServletWebServerApplicationContext - Root WebApplicationContext: initialization completed in 4415 ms
2020-10-30 21:24:34 INFO  [restartedMain]  o.s.s.w.DefaultSecurityFilterChain - Creating filter chain: any request, [org.springframework.security.web.context.request.async.WebAsyncManagerIntegrationFilter@36435bdf, org.springframework.security.web.context.SecurityContextPersistenceFilter@7db77dbe, org.springframework.security.web.header.HeaderWriterFilter@75f2b867, org.springframework.security.web.authentication.logout.LogoutFilter@4bcf6ccc, org.springframework.security.web.authentication.UsernamePasswordAuthenticationFilter@206ada66, org.springframework.security.web.savedrequest.RequestCacheAwareFilter@5aaa241e, org.springframework.security.web.servletapi.SecurityContextHolderAwareRequestFilter@2ec6df29, org.springframework.security.web.authentication.AnonymousAuthenticationFilter@264da2a6, org.springframework.security.web.session.SessionManagementFilter@48d83c9b, org.springframework.security.web.access.ExceptionTranslationFilter@7ea547f6, org.springframework.security.web.access.intercept.FilterSecurityInterceptor@3fb84360]
2020-10-30 21:24:34 INFO  [restartedMain]  s.d.s.w.PropertySourcedRequestMappingHandlerMapping - Mapped URL path [/v2/api-docs] onto method [springfox.documentation.swagger2.web.Swagger2Controller#getDocumentation(String, HttpServletRequest)]
2020-10-30 21:24:34 INFO  [restartedMain]  o.s.s.c.ThreadPoolTaskExecutor - Initializing ExecutorService 'applicationTaskExecutor'
2020-10-30 21:24:34 INFO  [restartedMain]  o.s.b.d.a.OptionalLiveReloadServer - LiveReload server is running on port 35729
2020-10-30 21:24:34 INFO  [restartedMain]  o.s.b.a.w.s.WelcomePageHandlerMapping - Adding welcome page template: index
2020-10-30 21:24:35 INFO  [restartedMain]  o.a.c.http11.Http11NioProtocol - Starting ProtocolHandler ["http-nio-8080"]
2020-10-30 21:24:35 INFO  [restartedMain]  o.s.b.w.e.t.TomcatWebServer - Tomcat started on port(s): 8080 (http) with context path ''
2020-10-30 21:24:35 INFO  [restartedMain]  s.d.s.w.p.DocumentationPluginsBootstrapper - Context refreshed
2020-10-30 21:24:35 INFO  [restartedMain]  s.d.s.w.p.DocumentationPluginsBootstrapper - Found 1 custom documentation plugin(s)
2020-10-30 21:24:35 INFO  [restartedMain]  s.d.s.w.s.ApiListingReferenceScanner - Scanning for api listing references
2020-10-30 21:24:35 INFO  [restartedMain]  s.d.s.w.r.o.CachingOperationNameGenerator - Generating unique operation named: addBlogUsingGET_1
2020-10-30 21:24:35 INFO  [restartedMain]  s.d.s.w.r.o.CachingOperationNameGenerator - Generating unique operation named: addBlogUsingHEAD_1
2020-10-30 21:24:35 INFO  [restartedMain]  s.d.s.w.r.o.CachingOperationNameGenerator - Generating unique operation named: addBlogUsingPOST_1
2020-10-30 21:24:35 INFO  [restartedMain]  s.d.s.w.r.o.CachingOperationNameGenerator - Generating unique operation named: addBlogUsingPUT_1
2020-10-30 21:24:35 INFO  [restartedMain]  s.d.s.w.r.o.CachingOperationNameGenerator - Generating unique operation named: addBlogUsingPATCH_1
2020-10-30 21:24:35 INFO  [restartedMain]  s.d.s.w.r.o.CachingOperationNameGenerator - Generating unique operation named: addBlogUsingDELETE_1
2020-10-30 21:24:35 INFO  [restartedMain]  s.d.s.w.r.o.CachingOperationNameGenerator - Generating unique operation named: addBlogUsingOPTIONS_1
2020-10-30 21:24:35 INFO  [restartedMain]  s.d.s.w.r.o.CachingOperationNameGenerator - Generating unique operation named: addBlogUsingTRACE_1
2020-10-30 21:24:35 INFO  [restartedMain]  s.d.s.w.r.o.CachingOperationNameGenerator - Generating unique operation named: adminIndexUsingGET_1
2020-10-30 21:24:35 INFO  [restartedMain]  s.d.s.w.r.o.CachingOperationNameGenerator - Generating unique operation named: adminIndexUsingHEAD_1
2020-10-30 21:24:35 INFO  [restartedMain]  s.d.s.w.r.o.CachingOperationNameGenerator - Generating unique operation named: adminIndexUsingPOST_1
2020-10-30 21:24:35 INFO  [restartedMain]  s.d.s.w.r.o.CachingOperationNameGenerator - Generating unique operation named: adminIndexUsingPUT_1
2020-10-30 21:24:35 INFO  [restartedMain]  s.d.s.w.r.o.CachingOperationNameGenerator - Generating unique operation named: adminIndexUsingPATCH_1
2020-10-30 21:24:35 INFO  [restartedMain]  s.d.s.w.r.o.CachingOperationNameGenerator - Generating unique operation named: adminIndexUsingDELETE_1
2020-10-30 21:24:35 INFO  [restartedMain]  s.d.s.w.r.o.CachingOperationNameGenerator - Generating unique operation named: adminIndexUsingOPTIONS_1
2020-10-30 21:24:35 INFO  [restartedMain]  s.d.s.w.r.o.CachingOperationNameGenerator - Generating unique operation named: adminIndexUsingTRACE_1
2020-10-30 21:24:35 INFO  [restartedMain]  s.d.s.w.r.o.CachingOperationNameGenerator - Generating unique operation named: indexUsingGET_1
2020-10-30 21:24:35 INFO  [restartedMain]  com.MyblogApplication - Started MyblogApplication in 7.932 seconds (JVM running for 9.86)
2020-10-30 21:24:43 INFO  [http-nio-8080-exec-1]  o.a.c.c.C.[.[localhost].[/] - Initializing Spring DispatcherServlet 'dispatcherServlet'
2020-10-30 21:24:43 INFO  [http-nio-8080-exec-1]  o.s.w.s.DispatcherServlet - Initializing Servlet 'dispatcherServlet'
2020-10-30 21:24:43 INFO  [http-nio-8080-exec-1]  o.s.w.s.DispatcherServlet - Completed initialization in 13 ms
2020-10-30 21:24:43 INFO  [http-nio-8080-exec-1]  c.a.druid.pool.DruidDataSource - {dataSource-1} inited
2020-10-30 21:29:12 INFO  [SpringContextShutdownHook]  o.s.s.c.ThreadPoolTaskExecutor - Shutting down ExecutorService 'applicationTaskExecutor'
2020-10-30 21:29:12 INFO  [SpringContextShutdownHook]  c.a.druid.pool.DruidDataSource - {dataSource-1} closing ...
2020-10-30 21:29:12 INFO  [SpringContextShutdownHook]  c.a.druid.pool.DruidDataSource - {dataSource-1} closed
