2020-10-18 10:16:03 INFO  [restartedMain]  com.MyblogApplication - Starting MyblogApplication on zlfdeMBP.lan with PID 939 (/Users/zlf/Desktop/myblog/target/classes started by zlf in /Users/zlf/Desktop/myblog)
2020-10-18 10:16:03 INFO  [restartedMain]  com.MyblogApplication - No active profile set, falling back to default profiles: default
2020-10-18 10:16:03 INFO  [restartedMain]  o.s.b.d.e.DevToolsPropertyDefaultsPostProcessor - Devtools property defaults active! Set 'spring.devtools.add-properties' to 'false' to disable
2020-10-18 10:16:03 INFO  [restartedMain]  o.s.b.d.e.DevToolsPropertyDefaultsPostProcessor - For additional web related logging consider setting the 'logging.level.web' property to 'DEBUG'
2020-10-18 10:16:05 INFO  [restartedMain]  o.s.b.w.e.t.TomcatWebServer - Tomcat initialized with port(s): 8080 (http)
2020-10-18 10:16:05 INFO  [restartedMain]  o.a.c.http11.Http11NioProtocol - Initializing ProtocolHandler ["http-nio-8080"]
2020-10-18 10:16:05 INFO  [restartedMain]  o.a.c.core.StandardService - Starting service [Tomcat]
2020-10-18 10:16:05 INFO  [restartedMain]  o.a.c.core.StandardEngine - Starting Servlet engine: [Apache Tomcat/9.0.36]
2020-10-18 10:16:05 INFO  [restartedMain]  o.a.c.c.C.[.[localhost].[/] - Initializing Spring embedded WebApplicationContext
2020-10-18 10:16:05 INFO  [restartedMain]  o.s.b.w.s.c.ServletWebServerApplicationContext - Root WebApplicationContext: initialization completed in 2506 ms
2020-10-18 10:16:06 INFO  [restartedMain]  o.s.s.w.DefaultSecurityFilterChain - Creating filter chain: any request, [org.springframework.security.web.context.request.async.WebAsyncManagerIntegrationFilter@1bfb830a, org.springframework.security.web.context.SecurityContextPersistenceFilter@3a27b3cb, org.springframework.security.web.header.HeaderWriterFilter@716a97b2, org.springframework.security.web.authentication.logout.LogoutFilter@3cc88e95, org.springframework.security.web.authentication.UsernamePasswordAuthenticationFilter@703cf7df, org.springframework.security.web.savedrequest.RequestCacheAwareFilter@5dd23c32, org.springframework.security.web.servletapi.SecurityContextHolderAwareRequestFilter@6f4b5208, org.springframework.security.web.authentication.AnonymousAuthenticationFilter@750f0fc, org.springframework.security.web.session.SessionManagementFilter@b6e2e37, org.springframework.security.web.access.ExceptionTranslationFilter@1d6bf1b5, org.springframework.security.web.access.intercept.FilterSecurityInterceptor@4e81d2fa]
2020-10-18 10:16:06 INFO  [restartedMain]  s.d.s.w.PropertySourcedRequestMappingHandlerMapping - Mapped URL path [/v2/api-docs] onto method [springfox.documentation.swagger2.web.Swagger2Controller#getDocumentation(String, HttpServletRequest)]
2020-10-18 10:16:07 INFO  [restartedMain]  o.s.s.c.ThreadPoolTaskExecutor - Initializing ExecutorService 'applicationTaskExecutor'
2020-10-18 10:16:07 INFO  [restartedMain]  o.s.b.d.a.OptionalLiveReloadServer - LiveReload server is running on port 35729
2020-10-18 10:16:07 INFO  [restartedMain]  o.s.b.a.w.s.WelcomePageHandlerMapping - Adding welcome page template: index
2020-10-18 10:16:07 INFO  [restartedMain]  o.a.c.http11.Http11NioProtocol - Starting ProtocolHandler ["http-nio-8080"]
2020-10-18 10:16:07 INFO  [restartedMain]  o.s.b.w.e.t.TomcatWebServer - Tomcat started on port(s): 8080 (http) with context path ''
2020-10-18 10:16:07 INFO  [restartedMain]  s.d.s.w.p.DocumentationPluginsBootstrapper - Context refreshed
2020-10-18 10:16:07 INFO  [restartedMain]  s.d.s.w.p.DocumentationPluginsBootstrapper - Found 1 custom documentation plugin(s)
2020-10-18 10:16:07 INFO  [restartedMain]  s.d.s.w.s.ApiListingReferenceScanner - Scanning for api listing references
2020-10-18 10:16:07 INFO  [restartedMain]  s.d.s.w.r.o.CachingOperationNameGenerator - Generating unique operation named: addBlogUsingGET_1
2020-10-18 10:16:07 INFO  [restartedMain]  s.d.s.w.r.o.CachingOperationNameGenerator - Generating unique operation named: addBlogUsingHEAD_1
2020-10-18 10:16:07 INFO  [restartedMain]  s.d.s.w.r.o.CachingOperationNameGenerator - Generating unique operation named: addBlogUsingPOST_1
2020-10-18 10:16:07 INFO  [restartedMain]  s.d.s.w.r.o.CachingOperationNameGenerator - Generating unique operation named: addBlogUsingPUT_1
2020-10-18 10:16:07 INFO  [restartedMain]  s.d.s.w.r.o.CachingOperationNameGenerator - Generating unique operation named: addBlogUsingPATCH_1
2020-10-18 10:16:07 INFO  [restartedMain]  s.d.s.w.r.o.CachingOperationNameGenerator - Generating unique operation named: addBlogUsingDELETE_1
2020-10-18 10:16:07 INFO  [restartedMain]  s.d.s.w.r.o.CachingOperationNameGenerator - Generating unique operation named: addBlogUsingOPTIONS_1
2020-10-18 10:16:07 INFO  [restartedMain]  s.d.s.w.r.o.CachingOperationNameGenerator - Generating unique operation named: addBlogUsingTRACE_1
2020-10-18 10:16:07 INFO  [restartedMain]  s.d.s.w.r.o.CachingOperationNameGenerator - Generating unique operation named: adminIndexUsingGET_1
2020-10-18 10:16:07 INFO  [restartedMain]  s.d.s.w.r.o.CachingOperationNameGenerator - Generating unique operation named: adminIndexUsingHEAD_1
2020-10-18 10:16:07 INFO  [restartedMain]  s.d.s.w.r.o.CachingOperationNameGenerator - Generating unique operation named: adminIndexUsingPOST_1
2020-10-18 10:16:07 INFO  [restartedMain]  s.d.s.w.r.o.CachingOperationNameGenerator - Generating unique operation named: adminIndexUsingPUT_1
2020-10-18 10:16:07 INFO  [restartedMain]  s.d.s.w.r.o.CachingOperationNameGenerator - Generating unique operation named: adminIndexUsingPATCH_1
2020-10-18 10:16:07 INFO  [restartedMain]  s.d.s.w.r.o.CachingOperationNameGenerator - Generating unique operation named: adminIndexUsingDELETE_1
2020-10-18 10:16:07 INFO  [restartedMain]  s.d.s.w.r.o.CachingOperationNameGenerator - Generating unique operation named: adminIndexUsingOPTIONS_1
2020-10-18 10:16:07 INFO  [restartedMain]  s.d.s.w.r.o.CachingOperationNameGenerator - Generating unique operation named: adminIndexUsingTRACE_1
2020-10-18 10:16:07 INFO  [restartedMain]  s.d.s.w.r.o.CachingOperationNameGenerator - Generating unique operation named: indexUsingGET_1
2020-10-18 10:16:07 INFO  [restartedMain]  com.MyblogApplication - Started MyblogApplication in 4.471 seconds (JVM running for 5.565)
2020-10-18 10:16:33 INFO  [http-nio-8080-exec-1]  o.a.c.c.C.[.[localhost].[/] - Initializing Spring DispatcherServlet 'dispatcherServlet'
2020-10-18 10:16:33 INFO  [http-nio-8080-exec-1]  o.s.w.s.DispatcherServlet - Initializing Servlet 'dispatcherServlet'
2020-10-18 10:16:33 INFO  [http-nio-8080-exec-1]  o.s.w.s.DispatcherServlet - Completed initialization in 6 ms
2020-10-18 10:16:33 INFO  [http-nio-8080-exec-1]  c.a.druid.pool.DruidDataSource - {dataSource-1} inited
2020-10-18 10:17:03 WARN  [http-nio-8080-exec-4]  o.s.w.s.m.s.DefaultHandlerExceptionResolver - Resolved [org.springframework.web.method.annotation.MethodArgumentTypeMismatchException: Failed to convert value of type 'java.lang.String' to required type 'java.util.Date'; nested exception is org.springframework.core.convert.ConversionFailedException: Failed to convert from type [java.lang.String] to type [@org.springframework.web.bind.annotation.RequestParam java.util.Date] for value 'Sun Oct 18 2020 10:17:03 GMT+0800 (中国标准时间)'; nested exception is java.lang.IllegalArgumentException: Parse attempt failed for value [Sun Oct 18 2020 10:17:03 GMT+0800 (中国标准时间)]]
2020-10-18 10:17:09 WARN  [http-nio-8080-exec-3]  o.s.w.s.m.s.DefaultHandlerExceptionResolver - Resolved [org.springframework.web.bind.MissingServletRequestParameterException: Required String parameter 'title' is not present]
2020-10-18 10:29:32 INFO  [SpringContextShutdownHook]  o.s.s.c.ThreadPoolTaskExecutor - Shutting down ExecutorService 'applicationTaskExecutor'
2020-10-18 10:29:32 INFO  [SpringContextShutdownHook]  c.a.druid.pool.DruidDataSource - {dataSource-1} closing ...
2020-10-18 10:29:32 INFO  [SpringContextShutdownHook]  c.a.druid.pool.DruidDataSource - {dataSource-1} closed
2020-10-18 10:29:36 INFO  [restartedMain]  com.MyblogApplication - Starting MyblogApplication on zlfdeMBP.lan with PID 1047 (/Users/zlf/Desktop/myblog/target/classes started by zlf in /Users/zlf/Desktop/myblog)
2020-10-18 10:29:36 INFO  [restartedMain]  com.MyblogApplication - No active profile set, falling back to default profiles: default
2020-10-18 10:29:36 INFO  [restartedMain]  o.s.b.d.e.DevToolsPropertyDefaultsPostProcessor - Devtools property defaults active! Set 'spring.devtools.add-properties' to 'false' to disable
2020-10-18 10:29:36 INFO  [restartedMain]  o.s.b.d.e.DevToolsPropertyDefaultsPostProcessor - For additional web related logging consider setting the 'logging.level.web' property to 'DEBUG'
2020-10-18 10:29:39 INFO  [restartedMain]  o.s.b.w.e.t.TomcatWebServer - Tomcat initialized with port(s): 8080 (http)
2020-10-18 10:29:39 INFO  [restartedMain]  o.a.c.http11.Http11NioProtocol - Initializing ProtocolHandler ["http-nio-8080"]
2020-10-18 10:29:39 INFO  [restartedMain]  o.a.c.core.StandardService - Starting service [Tomcat]
2020-10-18 10:29:39 INFO  [restartedMain]  o.a.c.core.StandardEngine - Starting Servlet engine: [Apache Tomcat/9.0.36]
2020-10-18 10:29:39 INFO  [restartedMain]  o.a.c.c.C.[.[localhost].[/] - Initializing Spring embedded WebApplicationContext
2020-10-18 10:29:39 INFO  [restartedMain]  o.s.b.w.s.c.ServletWebServerApplicationContext - Root WebApplicationContext: initialization completed in 2439 ms
2020-10-18 10:29:39 INFO  [restartedMain]  o.s.s.w.DefaultSecurityFilterChain - Creating filter chain: any request, [org.springframework.security.web.context.request.async.WebAsyncManagerIntegrationFilter@49c4b3bd, org.springframework.security.web.context.SecurityContextPersistenceFilter@41772dce, org.springframework.security.web.header.HeaderWriterFilter@6791b777, org.springframework.security.web.authentication.logout.LogoutFilter@6e8628ed, org.springframework.security.web.authentication.UsernamePasswordAuthenticationFilter@46748457, org.springframework.security.web.savedrequest.RequestCacheAwareFilter@479e76ac, org.springframework.security.web.servletapi.SecurityContextHolderAwareRequestFilter@192a7333, org.springframework.security.web.authentication.AnonymousAuthenticationFilter@7038c130, org.springframework.security.web.session.SessionManagementFilter@4f7c82b2, org.springframework.security.web.access.ExceptionTranslationFilter@3a7702bf, org.springframework.security.web.access.intercept.FilterSecurityInterceptor@65fb1fc3]
2020-10-18 10:29:39 INFO  [restartedMain]  s.d.s.w.PropertySourcedRequestMappingHandlerMapping - Mapped URL path [/v2/api-docs] onto method [springfox.documentation.swagger2.web.Swagger2Controller#getDocumentation(String, HttpServletRequest)]
2020-10-18 10:29:39 INFO  [restartedMain]  o.s.s.c.ThreadPoolTaskExecutor - Initializing ExecutorService 'applicationTaskExecutor'
2020-10-18 10:29:39 INFO  [restartedMain]  o.s.b.d.a.OptionalLiveReloadServer - LiveReload server is running on port 35729
2020-10-18 10:29:39 INFO  [restartedMain]  o.s.b.a.w.s.WelcomePageHandlerMapping - Adding welcome page template: index
2020-10-18 10:29:40 INFO  [restartedMain]  o.a.c.http11.Http11NioProtocol - Starting ProtocolHandler ["http-nio-8080"]
2020-10-18 10:29:40 INFO  [restartedMain]  o.s.b.w.e.t.TomcatWebServer - Tomcat started on port(s): 8080 (http) with context path ''
2020-10-18 10:29:40 INFO  [restartedMain]  s.d.s.w.p.DocumentationPluginsBootstrapper - Context refreshed
2020-10-18 10:29:40 INFO  [restartedMain]  s.d.s.w.p.DocumentationPluginsBootstrapper - Found 1 custom documentation plugin(s)
2020-10-18 10:29:40 INFO  [restartedMain]  s.d.s.w.s.ApiListingReferenceScanner - Scanning for api listing references
2020-10-18 10:29:40 INFO  [restartedMain]  s.d.s.w.r.o.CachingOperationNameGenerator - Generating unique operation named: addBlogUsingGET_1
2020-10-18 10:29:40 INFO  [restartedMain]  s.d.s.w.r.o.CachingOperationNameGenerator - Generating unique operation named: addBlogUsingHEAD_1
2020-10-18 10:29:40 INFO  [restartedMain]  s.d.s.w.r.o.CachingOperationNameGenerator - Generating unique operation named: addBlogUsingPOST_1
2020-10-18 10:29:40 INFO  [restartedMain]  s.d.s.w.r.o.CachingOperationNameGenerator - Generating unique operation named: addBlogUsingPUT_1
2020-10-18 10:29:40 INFO  [restartedMain]  s.d.s.w.r.o.CachingOperationNameGenerator - Generating unique operation named: addBlogUsingPATCH_1
2020-10-18 10:29:40 INFO  [restartedMain]  s.d.s.w.r.o.CachingOperationNameGenerator - Generating unique operation named: addBlogUsingDELETE_1
2020-10-18 10:29:40 INFO  [restartedMain]  s.d.s.w.r.o.CachingOperationNameGenerator - Generating unique operation named: addBlogUsingOPTIONS_1
2020-10-18 10:29:40 INFO  [restartedMain]  s.d.s.w.r.o.CachingOperationNameGenerator - Generating unique operation named: addBlogUsingTRACE_1
2020-10-18 10:29:40 INFO  [restartedMain]  s.d.s.w.r.o.CachingOperationNameGenerator - Generating unique operation named: adminIndexUsingGET_1
2020-10-18 10:29:40 INFO  [restartedMain]  s.d.s.w.r.o.CachingOperationNameGenerator - Generating unique operation named: adminIndexUsingHEAD_1
2020-10-18 10:29:40 INFO  [restartedMain]  s.d.s.w.r.o.CachingOperationNameGenerator - Generating unique operation named: adminIndexUsingPOST_1
2020-10-18 10:29:40 INFO  [restartedMain]  s.d.s.w.r.o.CachingOperationNameGenerator - Generating unique operation named: adminIndexUsingPUT_1
2020-10-18 10:29:40 INFO  [restartedMain]  s.d.s.w.r.o.CachingOperationNameGenerator - Generating unique operation named: adminIndexUsingPATCH_1
2020-10-18 10:29:40 INFO  [restartedMain]  s.d.s.w.r.o.CachingOperationNameGenerator - Generating unique operation named: adminIndexUsingDELETE_1
2020-10-18 10:29:40 INFO  [restartedMain]  s.d.s.w.r.o.CachingOperationNameGenerator - Generating unique operation named: adminIndexUsingOPTIONS_1
2020-10-18 10:29:40 INFO  [restartedMain]  s.d.s.w.r.o.CachingOperationNameGenerator - Generating unique operation named: adminIndexUsingTRACE_1
2020-10-18 10:29:40 INFO  [restartedMain]  s.d.s.w.r.o.CachingOperationNameGenerator - Generating unique operation named: indexUsingGET_1
2020-10-18 10:29:40 INFO  [restartedMain]  com.MyblogApplication - Started MyblogApplication in 4.299 seconds (JVM running for 5.176)
2020-10-18 10:29:48 INFO  [http-nio-8080-exec-1]  o.a.c.c.C.[.[localhost].[/] - Initializing Spring DispatcherServlet 'dispatcherServlet'
2020-10-18 10:29:48 INFO  [http-nio-8080-exec-1]  o.s.w.s.DispatcherServlet - Initializing Servlet 'dispatcherServlet'
2020-10-18 10:29:48 INFO  [http-nio-8080-exec-1]  o.s.w.s.DispatcherServlet - Completed initialization in 7 ms
2020-10-18 10:29:52 INFO  [http-nio-8080-exec-1]  c.a.druid.pool.DruidDataSource - {dataSource-1} inited
2020-10-18 10:30:17 ERROR [http-nio-8080-exec-7]  o.a.c.c.C.[.[.[.[dispatcherServlet] - Servlet.service() for servlet [dispatcherServlet] in context with path [] threw exception [Request processing failed; nested exception is java.text.ParseException: Unparseable date: "Sun Oct 18 2020 10:30:17 GMT+0800 (中国标准时间)"] with root cause
java.text.ParseException: Unparseable date: "Sun Oct 18 2020 10:30:17 GMT+0800 (中国标准时间)"
	at java.base/java.text.DateFormat.parse(DateFormat.java:395)
	at com.controller.admin.blogController.addBlog(blogController.java:75)
	at java.base/jdk.internal.reflect.NativeMethodAccessorImpl.invoke0(Native Method)
	at java.base/jdk.internal.reflect.NativeMethodAccessorImpl.invoke(NativeMethodAccessorImpl.java:62)
	at java.base/jdk.internal.reflect.DelegatingMethodAccessorImpl.invoke(DelegatingMethodAccessorImpl.java:43)
	at java.base/java.lang.reflect.Method.invoke(Method.java:566)
	at org.springframework.web.method.support.InvocableHandlerMethod.doInvoke(InvocableHandlerMethod.java:190)
	at org.springframework.web.method.support.InvocableHandlerMethod.invokeForRequest(InvocableHandlerMethod.java:138)
	at org.springframework.web.servlet.mvc.method.annotation.ServletInvocableHandlerMethod.invokeAndHandle(ServletInvocableHandlerMethod.java:105)
	at org.springframework.web.servlet.mvc.method.annotation.RequestMappingHandlerAdapter.invokeHandlerMethod(RequestMappingHandlerAdapter.java:879)
	at org.springframework.web.servlet.mvc.method.annotation.RequestMappingHandlerAdapter.handleInternal(RequestMappingHandlerAdapter.java:793)
	at org.springframework.web.servlet.mvc.method.AbstractHandlerMethodAdapter.handle(AbstractHandlerMethodAdapter.java:87)
	at org.springframework.web.servlet.DispatcherServlet.doDispatch(DispatcherServlet.java:1040)
	at org.springframework.web.servlet.DispatcherServlet.doService(DispatcherServlet.java:943)
	at org.springframework.web.servlet.FrameworkServlet.processRequest(FrameworkServlet.java:1006)
	at org.springframework.web.servlet.FrameworkServlet.doPost(FrameworkServlet.java:909)
	at javax.servlet.http.HttpServlet.service(HttpServlet.java:660)
	at org.springframework.web.servlet.FrameworkServlet.service(FrameworkServlet.java:883)
	at javax.servlet.http.HttpServlet.service(HttpServlet.java:741)
	at org.apache.catalina.core.ApplicationFilterChain.internalDoFilter(ApplicationFilterChain.java:231)
	at org.apache.catalina.core.ApplicationFilterChain.doFilter(ApplicationFilterChain.java:166)
	at org.apache.tomcat.websocket.server.WsFilter.doFilter(WsFilter.java:53)
	at org.apache.catalina.core.ApplicationFilterChain.internalDoFilter(ApplicationFilterChain.java:193)
	at org.apache.catalina.core.ApplicationFilterChain.doFilter(ApplicationFilterChain.java:166)
	at org.springframework.security.web.FilterChainProxy$VirtualFilterChain.doFilter(FilterChainProxy.java:320)
	at org.springframework.security.web.access.intercept.FilterSecurityInterceptor.invoke(FilterSecurityInterceptor.java:126)
	at org.springframework.security.web.access.intercept.FilterSecurityInterceptor.doFilter(FilterSecurityInterceptor.java:90)
	at org.springframework.security.web.FilterChainProxy$VirtualFilterChain.doFilter(FilterChainProxy.java:334)
	at org.springframework.security.web.access.ExceptionTranslationFilter.doFilter(ExceptionTranslationFilter.java:118)
	at org.springframework.security.web.FilterChainProxy$VirtualFilterChain.doFilter(FilterChainProxy.java:334)
	at org.springframework.security.web.session.SessionManagementFilter.doFilter(SessionManagementFilter.java:137)
	at org.springframework.security.web.FilterChainProxy$VirtualFilterChain.doFilter(FilterChainProxy.java:334)
	at org.springframework.security.web.authentication.AnonymousAuthenticationFilter.doFilter(AnonymousAuthenticationFilter.java:111)
	at org.springframework.security.web.FilterChainProxy$VirtualFilterChain.doFilter(FilterChainProxy.java:334)
	at org.springframework.security.web.servletapi.SecurityContextHolderAwareRequestFilter.doFilter(SecurityContextHolderAwareRequestFilter.java:158)
	at org.springframework.security.web.FilterChainProxy$VirtualFilterChain.doFilter(FilterChainProxy.java:334)
	at org.springframework.security.web.savedrequest.RequestCacheAwareFilter.doFilter(RequestCacheAwareFilter.java:63)
	at org.springframework.security.web.FilterChainProxy$VirtualFilterChain.doFilter(FilterChainProxy.java:334)
	at org.springframework.security.web.authentication.AbstractAuthenticationProcessingFilter.doFilter(AbstractAuthenticationProcessingFilter.java:200)
	at org.springframework.security.web.FilterChainProxy$VirtualFilterChain.doFilter(FilterChainProxy.java:334)
	at org.springframework.security.web.authentication.logout.LogoutFilter.doFilter(LogoutFilter.java:116)
	at org.springframework.security.web.FilterChainProxy$VirtualFilterChain.doFilter(FilterChainProxy.java:334)
	at org.springframework.security.web.header.HeaderWriterFilter.doHeadersAfter(HeaderWriterFilter.java:92)
	at org.springframework.security.web.header.HeaderWriterFilter.doFilterInternal(HeaderWriterFilter.java:77)
	at org.springframework.web.filter.OncePerRequestFilter.doFilter(OncePerRequestFilter.java:119)
	at org.springframework.security.web.FilterChainProxy$VirtualFilterChain.doFilter(FilterChainProxy.java:334)
	at org.springframework.security.web.context.SecurityContextPersistenceFilter.doFilter(SecurityContextPersistenceFilter.java:105)
	at org.springframework.security.web.FilterChainProxy$VirtualFilterChain.doFilter(FilterChainProxy.java:334)
	at org.springframework.security.web.context.request.async.WebAsyncManagerIntegrationFilter.doFilterInternal(WebAsyncManagerIntegrationFilter.java:56)
	at org.springframework.web.filter.OncePerRequestFilter.doFilter(OncePerRequestFilter.java:119)
	at org.springframework.security.web.FilterChainProxy$VirtualFilterChain.doFilter(FilterChainProxy.java:334)
	at org.springframework.security.web.FilterChainProxy.doFilterInternal(FilterChainProxy.java:215)
	at org.springframework.security.web.FilterChainProxy.doFilter(FilterChainProxy.java:178)
	at org.springframework.web.filter.DelegatingFilterProxy.invokeDelegate(DelegatingFilterProxy.java:358)
	at org.springframework.web.filter.DelegatingFilterProxy.doFilter(DelegatingFilterProxy.java:271)
	at org.apache.catalina.core.ApplicationFilterChain.internalDoFilter(ApplicationFilterChain.java:193)
	at org.apache.catalina.core.ApplicationFilterChain.doFilter(ApplicationFilterChain.java:166)
	at org.springframework.web.filter.RequestContextFilter.doFilterInternal(RequestContextFilter.java:100)
	at org.springframework.web.filter.OncePerRequestFilter.doFilter(OncePerRequestFilter.java:119)
	at org.apache.catalina.core.ApplicationFilterChain.internalDoFilter(ApplicationFilterChain.java:193)
	at org.apache.catalina.core.ApplicationFilterChain.doFilter(ApplicationFilterChain.java:166)
	at org.springframework.web.filter.FormContentFilter.doFilterInternal(FormContentFilter.java:93)
	at org.springframework.web.filter.OncePerRequestFilter.doFilter(OncePerRequestFilter.java:119)
	at org.apache.catalina.core.ApplicationFilterChain.internalDoFilter(ApplicationFilterChain.java:193)
	at org.apache.catalina.core.ApplicationFilterChain.doFilter(ApplicationFilterChain.java:166)
	at org.springframework.web.filter.CharacterEncodingFilter.doFilterInternal(CharacterEncodingFilter.java:201)
	at org.springframework.web.filter.OncePerRequestFilter.doFilter(OncePerRequestFilter.java:119)
	at org.apache.catalina.core.ApplicationFilterChain.internalDoFilter(ApplicationFilterChain.java:193)
	at org.apache.catalina.core.ApplicationFilterChain.doFilter(ApplicationFilterChain.java:166)
	at org.apache.catalina.core.StandardWrapperValve.invoke(StandardWrapperValve.java:202)
	at org.apache.catalina.core.StandardContextValve.invoke(StandardContextValve.java:96)
	at org.apache.catalina.authenticator.AuthenticatorBase.invoke(AuthenticatorBase.java:541)
	at org.apache.catalina.core.StandardHostValve.invoke(StandardHostValve.java:139)
	at org.apache.catalina.valves.ErrorReportValve.invoke(ErrorReportValve.java:92)
	at org.apache.catalina.core.StandardEngineValve.invoke(StandardEngineValve.java:74)
	at org.apache.catalina.connector.CoyoteAdapter.service(CoyoteAdapter.java:343)
	at org.apache.coyote.http11.Http11Processor.service(Http11Processor.java:373)
	at org.apache.coyote.AbstractProcessorLight.process(AbstractProcessorLight.java:65)
	at org.apache.coyote.AbstractProtocol$ConnectionHandler.process(AbstractProtocol.java:868)
	at org.apache.tomcat.util.net.NioEndpoint$SocketProcessor.doRun(NioEndpoint.java:1590)
	at org.apache.tomcat.util.net.SocketProcessorBase.run(SocketProcessorBase.java:49)
	at java.base/java.util.concurrent.ThreadPoolExecutor.runWorker(ThreadPoolExecutor.java:1128)
	at java.base/java.util.concurrent.ThreadPoolExecutor$Worker.run(ThreadPoolExecutor.java:628)
	at org.apache.tomcat.util.threads.TaskThread$WrappingRunnable.run(TaskThread.java:61)
	at java.base/java.lang.Thread.run(Thread.java:834)
2020-10-18 10:34:21 INFO  [SpringContextShutdownHook]  o.s.s.c.ThreadPoolTaskExecutor - Shutting down ExecutorService 'applicationTaskExecutor'
2020-10-18 10:34:21 INFO  [SpringContextShutdownHook]  c.a.druid.pool.DruidDataSource - {dataSource-1} closing ...
2020-10-18 10:34:21 INFO  [SpringContextShutdownHook]  c.a.druid.pool.DruidDataSource - {dataSource-1} closed
2020-10-18 10:34:24 INFO  [restartedMain]  com.MyblogApplication - Starting MyblogApplication on zlfdeMBP.lan with PID 1076 (/Users/zlf/Desktop/myblog/target/classes started by zlf in /Users/zlf/Desktop/myblog)
2020-10-18 10:34:24 INFO  [restartedMain]  com.MyblogApplication - No active profile set, falling back to default profiles: default
2020-10-18 10:34:24 INFO  [restartedMain]  o.s.b.d.e.DevToolsPropertyDefaultsPostProcessor - Devtools property defaults active! Set 'spring.devtools.add-properties' to 'false' to disable
2020-10-18 10:34:24 INFO  [restartedMain]  o.s.b.d.e.DevToolsPropertyDefaultsPostProcessor - For additional web related logging consider setting the 'logging.level.web' property to 'DEBUG'
2020-10-18 10:34:27 INFO  [restartedMain]  o.s.b.w.e.t.TomcatWebServer - Tomcat initialized with port(s): 8080 (http)
2020-10-18 10:34:27 INFO  [restartedMain]  o.a.c.http11.Http11NioProtocol - Initializing ProtocolHandler ["http-nio-8080"]
2020-10-18 10:34:27 INFO  [restartedMain]  o.a.c.core.StandardService - Starting service [Tomcat]
2020-10-18 10:34:27 INFO  [restartedMain]  o.a.c.core.StandardEngine - Starting Servlet engine: [Apache Tomcat/9.0.36]
2020-10-18 10:34:27 INFO  [restartedMain]  o.a.c.c.C.[.[localhost].[/] - Initializing Spring embedded WebApplicationContext
2020-10-18 10:34:27 INFO  [restartedMain]  o.s.b.w.s.c.ServletWebServerApplicationContext - Root WebApplicationContext: initialization completed in 2266 ms
2020-10-18 10:34:27 INFO  [restartedMain]  o.s.s.w.DefaultSecurityFilterChain - Creating filter chain: any request, [org.springframework.security.web.context.request.async.WebAsyncManagerIntegrationFilter@7ec98706, org.springframework.security.web.context.SecurityContextPersistenceFilter@44f35ff5, org.springframework.security.web.header.HeaderWriterFilter@29e107c9, org.springframework.security.web.authentication.logout.LogoutFilter@4bf7679d, org.springframework.security.web.authentication.UsernamePasswordAuthenticationFilter@45986729, org.springframework.security.web.savedrequest.RequestCacheAwareFilter@50a53dc7, org.springframework.security.web.servletapi.SecurityContextHolderAwareRequestFilter@27e4880, org.springframework.security.web.authentication.AnonymousAuthenticationFilter@290dc75f, org.springframework.security.web.session.SessionManagementFilter@478487e4, org.springframework.security.web.access.ExceptionTranslationFilter@529d9ad1, org.springframework.security.web.access.intercept.FilterSecurityInterceptor@1a4927e3]
2020-10-18 10:34:27 INFO  [restartedMain]  s.d.s.w.PropertySourcedRequestMappingHandlerMapping - Mapped URL path [/v2/api-docs] onto method [springfox.documentation.swagger2.web.Swagger2Controller#getDocumentation(String, HttpServletRequest)]
2020-10-18 10:34:27 INFO  [restartedMain]  o.s.s.c.ThreadPoolTaskExecutor - Initializing ExecutorService 'applicationTaskExecutor'
2020-10-18 10:34:28 INFO  [restartedMain]  o.s.b.d.a.OptionalLiveReloadServer - LiveReload server is running on port 35729
2020-10-18 10:34:28 INFO  [restartedMain]  o.s.b.a.w.s.WelcomePageHandlerMapping - Adding welcome page template: index
2020-10-18 10:34:28 INFO  [restartedMain]  o.a.c.http11.Http11NioProtocol - Starting ProtocolHandler ["http-nio-8080"]
2020-10-18 10:34:28 INFO  [restartedMain]  o.s.b.w.e.t.TomcatWebServer - Tomcat started on port(s): 8080 (http) with context path ''
2020-10-18 10:34:28 INFO  [restartedMain]  s.d.s.w.p.DocumentationPluginsBootstrapper - Context refreshed
2020-10-18 10:34:28 INFO  [restartedMain]  s.d.s.w.p.DocumentationPluginsBootstrapper - Found 1 custom documentation plugin(s)
2020-10-18 10:34:28 INFO  [restartedMain]  s.d.s.w.s.ApiListingReferenceScanner - Scanning for api listing references
2020-10-18 10:34:28 INFO  [restartedMain]  s.d.s.w.r.o.CachingOperationNameGenerator - Generating unique operation named: addBlogUsingGET_1
2020-10-18 10:34:28 INFO  [restartedMain]  s.d.s.w.r.o.CachingOperationNameGenerator - Generating unique operation named: addBlogUsingHEAD_1
2020-10-18 10:34:28 INFO  [restartedMain]  s.d.s.w.r.o.CachingOperationNameGenerator - Generating unique operation named: addBlogUsingPOST_1
2020-10-18 10:34:28 INFO  [restartedMain]  s.d.s.w.r.o.CachingOperationNameGenerator - Generating unique operation named: addBlogUsingPUT_1
2020-10-18 10:34:28 INFO  [restartedMain]  s.d.s.w.r.o.CachingOperationNameGenerator - Generating unique operation named: addBlogUsingPATCH_1
2020-10-18 10:34:28 INFO  [restartedMain]  s.d.s.w.r.o.CachingOperationNameGenerator - Generating unique operation named: addBlogUsingDELETE_1
2020-10-18 10:34:28 INFO  [restartedMain]  s.d.s.w.r.o.CachingOperationNameGenerator - Generating unique operation named: addBlogUsingOPTIONS_1
2020-10-18 10:34:28 INFO  [restartedMain]  s.d.s.w.r.o.CachingOperationNameGenerator - Generating unique operation named: addBlogUsingTRACE_1
2020-10-18 10:34:28 INFO  [restartedMain]  s.d.s.w.r.o.CachingOperationNameGenerator - Generating unique operation named: adminIndexUsingGET_1
2020-10-18 10:34:28 INFO  [restartedMain]  s.d.s.w.r.o.CachingOperationNameGenerator - Generating unique operation named: adminIndexUsingHEAD_1
2020-10-18 10:34:28 INFO  [restartedMain]  s.d.s.w.r.o.CachingOperationNameGenerator - Generating unique operation named: adminIndexUsingPOST_1
2020-10-18 10:34:28 INFO  [restartedMain]  s.d.s.w.r.o.CachingOperationNameGenerator - Generating unique operation named: adminIndexUsingPUT_1
2020-10-18 10:34:28 INFO  [restartedMain]  s.d.s.w.r.o.CachingOperationNameGenerator - Generating unique operation named: adminIndexUsingPATCH_1
2020-10-18 10:34:28 INFO  [restartedMain]  s.d.s.w.r.o.CachingOperationNameGenerator - Generating unique operation named: adminIndexUsingDELETE_1
2020-10-18 10:34:28 INFO  [restartedMain]  s.d.s.w.r.o.CachingOperationNameGenerator - Generating unique operation named: adminIndexUsingOPTIONS_1
2020-10-18 10:34:28 INFO  [restartedMain]  s.d.s.w.r.o.CachingOperationNameGenerator - Generating unique operation named: adminIndexUsingTRACE_1
2020-10-18 10:34:28 INFO  [restartedMain]  s.d.s.w.r.o.CachingOperationNameGenerator - Generating unique operation named: indexUsingGET_1
2020-10-18 10:34:28 INFO  [restartedMain]  com.MyblogApplication - Started MyblogApplication in 3.904 seconds (JVM running for 4.541)
2020-10-18 10:34:33 INFO  [http-nio-8080-exec-1]  o.a.c.c.C.[.[localhost].[/] - Initializing Spring DispatcherServlet 'dispatcherServlet'
2020-10-18 10:34:33 INFO  [http-nio-8080-exec-1]  o.s.w.s.DispatcherServlet - Initializing Servlet 'dispatcherServlet'
2020-10-18 10:34:33 INFO  [http-nio-8080-exec-1]  o.s.w.s.DispatcherServlet - Completed initialization in 7 ms
2020-10-18 10:34:33 INFO  [http-nio-8080-exec-1]  c.a.druid.pool.DruidDataSource - {dataSource-1} inited
2020-10-18 10:36:15 INFO  [SpringContextShutdownHook]  o.s.s.c.ThreadPoolTaskExecutor - Shutting down ExecutorService 'applicationTaskExecutor'
2020-10-18 10:36:15 INFO  [SpringContextShutdownHook]  c.a.druid.pool.DruidDataSource - {dataSource-1} closing ...
2020-10-18 10:36:15 INFO  [SpringContextShutdownHook]  c.a.druid.pool.DruidDataSource - {dataSource-1} closed
2020-10-18 10:36:20 INFO  [restartedMain]  com.MyblogApplication - Starting MyblogApplication on zlfdeMBP.lan with PID 1087 (/Users/zlf/Desktop/myblog/target/classes started by zlf in /Users/zlf/Desktop/myblog)
2020-10-18 10:36:20 INFO  [restartedMain]  com.MyblogApplication - No active profile set, falling back to default profiles: default
2020-10-18 10:36:20 INFO  [restartedMain]  o.s.b.d.e.DevToolsPropertyDefaultsPostProcessor - Devtools property defaults active! Set 'spring.devtools.add-properties' to 'false' to disable
2020-10-18 10:36:20 INFO  [restartedMain]  o.s.b.d.e.DevToolsPropertyDefaultsPostProcessor - For additional web related logging consider setting the 'logging.level.web' property to 'DEBUG'
2020-10-18 10:36:22 INFO  [restartedMain]  o.s.b.w.e.t.TomcatWebServer - Tomcat initialized with port(s): 8080 (http)
2020-10-18 10:36:22 INFO  [restartedMain]  o.a.c.http11.Http11NioProtocol - Initializing ProtocolHandler ["http-nio-8080"]
2020-10-18 10:36:22 INFO  [restartedMain]  o.a.c.core.StandardService - Starting service [Tomcat]
2020-10-18 10:36:22 INFO  [restartedMain]  o.a.c.core.StandardEngine - Starting Servlet engine: [Apache Tomcat/9.0.36]
2020-10-18 10:36:22 INFO  [restartedMain]  o.a.c.c.C.[.[localhost].[/] - Initializing Spring embedded WebApplicationContext
2020-10-18 10:36:22 INFO  [restartedMain]  o.s.b.w.s.c.ServletWebServerApplicationContext - Root WebApplicationContext: initialization completed in 2455 ms
2020-10-18 10:36:23 INFO  [restartedMain]  o.s.s.w.DefaultSecurityFilterChain - Creating filter chain: any request, [org.springframework.security.web.context.request.async.WebAsyncManagerIntegrationFilter@4c0d8603, org.springframework.security.web.context.SecurityContextPersistenceFilter@12a5b67c, org.springframework.security.web.header.HeaderWriterFilter@677c2a1d, org.springframework.security.web.authentication.logout.LogoutFilter@610f4e92, org.springframework.security.web.authentication.UsernamePasswordAuthenticationFilter@78d84a54, org.springframework.security.web.savedrequest.RequestCacheAwareFilter@408a6d1a, org.springframework.security.web.servletapi.SecurityContextHolderAwareRequestFilter@6f747f53, org.springframework.security.web.authentication.AnonymousAuthenticationFilter@403ece99, org.springframework.security.web.session.SessionManagementFilter@22dfbcea, org.springframework.security.web.access.ExceptionTranslationFilter@6a01e447, org.springframework.security.web.access.intercept.FilterSecurityInterceptor@11635f56]
2020-10-18 10:36:23 INFO  [restartedMain]  s.d.s.w.PropertySourcedRequestMappingHandlerMapping - Mapped URL path [/v2/api-docs] onto method [springfox.documentation.swagger2.web.Swagger2Controller#getDocumentation(String, HttpServletRequest)]
2020-10-18 10:36:23 INFO  [restartedMain]  o.s.s.c.ThreadPoolTaskExecutor - Initializing ExecutorService 'applicationTaskExecutor'
2020-10-18 10:36:23 INFO  [restartedMain]  o.s.b.d.a.OptionalLiveReloadServer - LiveReload server is running on port 35729
2020-10-18 10:36:23 INFO  [restartedMain]  o.s.b.a.w.s.WelcomePageHandlerMapping - Adding welcome page template: index
2020-10-18 10:36:23 INFO  [restartedMain]  o.a.c.http11.Http11NioProtocol - Starting ProtocolHandler ["http-nio-8080"]
2020-10-18 10:36:23 INFO  [restartedMain]  o.s.b.w.e.t.TomcatWebServer - Tomcat started on port(s): 8080 (http) with context path ''
2020-10-18 10:36:23 INFO  [restartedMain]  s.d.s.w.p.DocumentationPluginsBootstrapper - Context refreshed
2020-10-18 10:36:23 INFO  [restartedMain]  s.d.s.w.p.DocumentationPluginsBootstrapper - Found 1 custom documentation plugin(s)
2020-10-18 10:36:23 INFO  [restartedMain]  s.d.s.w.s.ApiListingReferenceScanner - Scanning for api listing references
2020-10-18 10:36:23 INFO  [restartedMain]  s.d.s.w.r.o.CachingOperationNameGenerator - Generating unique operation named: addBlogUsingGET_1
2020-10-18 10:36:23 INFO  [restartedMain]  s.d.s.w.r.o.CachingOperationNameGenerator - Generating unique operation named: addBlogUsingHEAD_1
2020-10-18 10:36:23 INFO  [restartedMain]  s.d.s.w.r.o.CachingOperationNameGenerator - Generating unique operation named: addBlogUsingPOST_1
2020-10-18 10:36:23 INFO  [restartedMain]  s.d.s.w.r.o.CachingOperationNameGenerator - Generating unique operation named: addBlogUsingPUT_1
2020-10-18 10:36:23 INFO  [restartedMain]  s.d.s.w.r.o.CachingOperationNameGenerator - Generating unique operation named: addBlogUsingPATCH_1
2020-10-18 10:36:23 INFO  [restartedMain]  s.d.s.w.r.o.CachingOperationNameGenerator - Generating unique operation named: addBlogUsingDELETE_1
2020-10-18 10:36:23 INFO  [restartedMain]  s.d.s.w.r.o.CachingOperationNameGenerator - Generating unique operation named: addBlogUsingOPTIONS_1
2020-10-18 10:36:23 INFO  [restartedMain]  s.d.s.w.r.o.CachingOperationNameGenerator - Generating unique operation named: addBlogUsingTRACE_1
2020-10-18 10:36:23 INFO  [restartedMain]  s.d.s.w.r.o.CachingOperationNameGenerator - Generating unique operation named: adminIndexUsingGET_1
2020-10-18 10:36:23 INFO  [restartedMain]  s.d.s.w.r.o.CachingOperationNameGenerator - Generating unique operation named: adminIndexUsingHEAD_1
2020-10-18 10:36:23 INFO  [restartedMain]  s.d.s.w.r.o.CachingOperationNameGenerator - Generating unique operation named: adminIndexUsingPOST_1
2020-10-18 10:36:23 INFO  [restartedMain]  s.d.s.w.r.o.CachingOperationNameGenerator - Generating unique operation named: adminIndexUsingPUT_1
2020-10-18 10:36:23 INFO  [restartedMain]  s.d.s.w.r.o.CachingOperationNameGenerator - Generating unique operation named: adminIndexUsingPATCH_1
2020-10-18 10:36:23 INFO  [restartedMain]  s.d.s.w.r.o.CachingOperationNameGenerator - Generating unique operation named: adminIndexUsingDELETE_1
2020-10-18 10:36:23 INFO  [restartedMain]  s.d.s.w.r.o.CachingOperationNameGenerator - Generating unique operation named: adminIndexUsingOPTIONS_1
2020-10-18 10:36:23 INFO  [restartedMain]  s.d.s.w.r.o.CachingOperationNameGenerator - Generating unique operation named: adminIndexUsingTRACE_1
2020-10-18 10:36:23 INFO  [restartedMain]  s.d.s.w.r.o.CachingOperationNameGenerator - Generating unique operation named: indexUsingGET_1
2020-10-18 10:36:23 INFO  [restartedMain]  com.MyblogApplication - Started MyblogApplication in 4.064 seconds (JVM running for 5.026)
2020-10-18 10:36:25 INFO  [http-nio-8080-exec-1]  o.a.c.c.C.[.[localhost].[/] - Initializing Spring DispatcherServlet 'dispatcherServlet'
2020-10-18 10:36:25 INFO  [http-nio-8080-exec-1]  o.s.w.s.DispatcherServlet - Initializing Servlet 'dispatcherServlet'
2020-10-18 10:36:25 INFO  [http-nio-8080-exec-1]  o.s.w.s.DispatcherServlet - Completed initialization in 4 ms
2020-10-18 10:36:25 INFO  [http-nio-8080-exec-2]  c.a.druid.pool.DruidDataSource - {dataSource-1} inited
2020-10-18 11:14:00 INFO  [SpringContextShutdownHook]  o.s.s.c.ThreadPoolTaskExecutor - Shutting down ExecutorService 'applicationTaskExecutor'
2020-10-18 11:14:00 INFO  [SpringContextShutdownHook]  c.a.druid.pool.DruidDataSource - {dataSource-1} closing ...
2020-10-18 11:14:00 INFO  [SpringContextShutdownHook]  c.a.druid.pool.DruidDataSource - {dataSource-1} closed
2020-10-18 11:43:21 INFO  [restartedMain]  com.MyblogApplication - Starting MyblogApplication on zlfdeMBP.lan with PID 1303 (/Users/zlf/Desktop/myblog/target/classes started by zlf in /Users/zlf/Desktop/myblog)
2020-10-18 11:43:21 INFO  [restartedMain]  com.MyblogApplication - No active profile set, falling back to default profiles: default
2020-10-18 11:43:21 INFO  [restartedMain]  o.s.b.d.e.DevToolsPropertyDefaultsPostProcessor - Devtools property defaults active! Set 'spring.devtools.add-properties' to 'false' to disable
2020-10-18 11:43:21 INFO  [restartedMain]  o.s.b.d.e.DevToolsPropertyDefaultsPostProcessor - For additional web related logging consider setting the 'logging.level.web' property to 'DEBUG'
2020-10-18 11:43:24 INFO  [restartedMain]  o.s.b.w.e.t.TomcatWebServer - Tomcat initialized with port(s): 8080 (http)
2020-10-18 11:43:24 INFO  [restartedMain]  o.a.c.http11.Http11NioProtocol - Initializing ProtocolHandler ["http-nio-8080"]
2020-10-18 11:43:24 INFO  [restartedMain]  o.a.c.core.StandardService - Starting service [Tomcat]
2020-10-18 11:43:24 INFO  [restartedMain]  o.a.c.core.StandardEngine - Starting Servlet engine: [Apache Tomcat/9.0.36]
2020-10-18 11:43:24 INFO  [restartedMain]  o.a.c.c.C.[.[localhost].[/] - Initializing Spring embedded WebApplicationContext
2020-10-18 11:43:24 INFO  [restartedMain]  o.s.b.w.s.c.ServletWebServerApplicationContext - Root WebApplicationContext: initialization completed in 2660 ms
2020-10-18 11:43:24 INFO  [restartedMain]  o.s.s.w.DefaultSecurityFilterChain - Creating filter chain: any request, [org.springframework.security.web.context.request.async.WebAsyncManagerIntegrationFilter@6e22819, org.springframework.security.web.context.SecurityContextPersistenceFilter@6bb9f9a0, org.springframework.security.web.header.HeaderWriterFilter@533dd157, org.springframework.security.web.authentication.logout.LogoutFilter@4e81d2fa, org.springframework.security.web.authentication.UsernamePasswordAuthenticationFilter@3f34b352, org.springframework.security.web.savedrequest.RequestCacheAwareFilter@20f59e61, org.springframework.security.web.servletapi.SecurityContextHolderAwareRequestFilter@5dabe1b2, org.springframework.security.web.authentication.AnonymousAuthenticationFilter@5c5f0b1, org.springframework.security.web.session.SessionManagementFilter@62c05524, org.springframework.security.web.access.ExceptionTranslationFilter@f959372, org.springframework.security.web.access.intercept.FilterSecurityInterceptor@15801a4c]
2020-10-18 11:43:24 INFO  [restartedMain]  s.d.s.w.PropertySourcedRequestMappingHandlerMapping - Mapped URL path [/v2/api-docs] onto method [springfox.documentation.swagger2.web.Swagger2Controller#getDocumentation(String, HttpServletRequest)]
2020-10-18 11:43:24 INFO  [restartedMain]  o.s.s.c.ThreadPoolTaskExecutor - Initializing ExecutorService 'applicationTaskExecutor'
2020-10-18 11:43:24 INFO  [restartedMain]  o.s.b.d.a.OptionalLiveReloadServer - LiveReload server is running on port 35729
2020-10-18 11:43:25 INFO  [restartedMain]  o.s.b.a.w.s.WelcomePageHandlerMapping - Adding welcome page template: index
2020-10-18 11:43:25 INFO  [restartedMain]  o.a.c.http11.Http11NioProtocol - Starting ProtocolHandler ["http-nio-8080"]
2020-10-18 11:43:25 INFO  [restartedMain]  o.s.b.w.e.t.TomcatWebServer - Tomcat started on port(s): 8080 (http) with context path ''
2020-10-18 11:43:25 INFO  [restartedMain]  s.d.s.w.p.DocumentationPluginsBootstrapper - Context refreshed
2020-10-18 11:43:25 INFO  [restartedMain]  s.d.s.w.p.DocumentationPluginsBootstrapper - Found 1 custom documentation plugin(s)
2020-10-18 11:43:25 INFO  [restartedMain]  s.d.s.w.s.ApiListingReferenceScanner - Scanning for api listing references
2020-10-18 11:43:25 INFO  [restartedMain]  s.d.s.w.r.o.CachingOperationNameGenerator - Generating unique operation named: addBlogUsingGET_1
2020-10-18 11:43:25 INFO  [restartedMain]  s.d.s.w.r.o.CachingOperationNameGenerator - Generating unique operation named: addBlogUsingHEAD_1
2020-10-18 11:43:25 INFO  [restartedMain]  s.d.s.w.r.o.CachingOperationNameGenerator - Generating unique operation named: addBlogUsingPOST_1
2020-10-18 11:43:25 INFO  [restartedMain]  s.d.s.w.r.o.CachingOperationNameGenerator - Generating unique operation named: addBlogUsingPUT_1
2020-10-18 11:43:25 INFO  [restartedMain]  s.d.s.w.r.o.CachingOperationNameGenerator - Generating unique operation named: addBlogUsingPATCH_1
2020-10-18 11:43:25 INFO  [restartedMain]  s.d.s.w.r.o.CachingOperationNameGenerator - Generating unique operation named: addBlogUsingDELETE_1
2020-10-18 11:43:25 INFO  [restartedMain]  s.d.s.w.r.o.CachingOperationNameGenerator - Generating unique operation named: addBlogUsingOPTIONS_1
2020-10-18 11:43:25 INFO  [restartedMain]  s.d.s.w.r.o.CachingOperationNameGenerator - Generating unique operation named: addBlogUsingTRACE_1
2020-10-18 11:43:25 INFO  [restartedMain]  s.d.s.w.r.o.CachingOperationNameGenerator - Generating unique operation named: adminIndexUsingGET_1
2020-10-18 11:43:25 INFO  [restartedMain]  s.d.s.w.r.o.CachingOperationNameGenerator - Generating unique operation named: adminIndexUsingHEAD_1
2020-10-18 11:43:25 INFO  [restartedMain]  s.d.s.w.r.o.CachingOperationNameGenerator - Generating unique operation named: adminIndexUsingPOST_1
2020-10-18 11:43:25 INFO  [restartedMain]  s.d.s.w.r.o.CachingOperationNameGenerator - Generating unique operation named: adminIndexUsingPUT_1
2020-10-18 11:43:25 INFO  [restartedMain]  s.d.s.w.r.o.CachingOperationNameGenerator - Generating unique operation named: adminIndexUsingPATCH_1
2020-10-18 11:43:25 INFO  [restartedMain]  s.d.s.w.r.o.CachingOperationNameGenerator - Generating unique operation named: adminIndexUsingDELETE_1
2020-10-18 11:43:25 INFO  [restartedMain]  s.d.s.w.r.o.CachingOperationNameGenerator - Generating unique operation named: adminIndexUsingOPTIONS_1
2020-10-18 11:43:25 INFO  [restartedMain]  s.d.s.w.r.o.CachingOperationNameGenerator - Generating unique operation named: adminIndexUsingTRACE_1
2020-10-18 11:43:25 INFO  [restartedMain]  s.d.s.w.r.o.CachingOperationNameGenerator - Generating unique operation named: indexUsingGET_1
2020-10-18 11:43:25 INFO  [restartedMain]  com.MyblogApplication - Started MyblogApplication in 4.37 seconds (JVM running for 5.208)
2020-10-18 11:43:34 INFO  [http-nio-8080-exec-1]  o.a.c.c.C.[.[localhost].[/] - Initializing Spring DispatcherServlet 'dispatcherServlet'
2020-10-18 11:43:34 INFO  [http-nio-8080-exec-1]  o.s.w.s.DispatcherServlet - Initializing Servlet 'dispatcherServlet'
2020-10-18 11:43:34 INFO  [http-nio-8080-exec-1]  o.s.w.s.DispatcherServlet - Completed initialization in 6 ms
2020-10-18 11:43:34 INFO  [http-nio-8080-exec-1]  c.a.druid.pool.DruidDataSource - {dataSource-1} inited
2020-10-18 11:43:55 ERROR [http-nio-8080-exec-7]  o.a.c.c.C.[.[.[.[dispatcherServlet] - Servlet.service() for servlet [dispatcherServlet] in context with path [] threw exception [Request processing failed; nested exception is java.text.ParseException: Unparseable date: "Sun Oct 18 2020 11:43:55 GMT+0800 (中国标准时间)"] with root cause
java.text.ParseException: Unparseable date: "Sun Oct 18 2020 11:43:55 GMT+0800 (中国标准时间)"
	at java.base/java.text.DateFormat.parse(DateFormat.java:395)
	at com.controller.admin.blogController.addBlog(blogController.java:76)
	at java.base/jdk.internal.reflect.NativeMethodAccessorImpl.invoke0(Native Method)
	at java.base/jdk.internal.reflect.NativeMethodAccessorImpl.invoke(NativeMethodAccessorImpl.java:62)
	at java.base/jdk.internal.reflect.DelegatingMethodAccessorImpl.invoke(DelegatingMethodAccessorImpl.java:43)
	at java.base/java.lang.reflect.Method.invoke(Method.java:566)
	at org.springframework.web.method.support.InvocableHandlerMethod.doInvoke(InvocableHandlerMethod.java:190)
	at org.springframework.web.method.support.InvocableHandlerMethod.invokeForRequest(InvocableHandlerMethod.java:138)
	at org.springframework.web.servlet.mvc.method.annotation.ServletInvocableHandlerMethod.invokeAndHandle(ServletInvocableHandlerMethod.java:105)
	at org.springframework.web.servlet.mvc.method.annotation.RequestMappingHandlerAdapter.invokeHandlerMethod(RequestMappingHandlerAdapter.java:879)
	at org.springframework.web.servlet.mvc.method.annotation.RequestMappingHandlerAdapter.handleInternal(RequestMappingHandlerAdapter.java:793)
	at org.springframework.web.servlet.mvc.method.AbstractHandlerMethodAdapter.handle(AbstractHandlerMethodAdapter.java:87)
	at org.springframework.web.servlet.DispatcherServlet.doDispatch(DispatcherServlet.java:1040)
	at org.springframework.web.servlet.DispatcherServlet.doService(DispatcherServlet.java:943)
	at org.springframework.web.servlet.FrameworkServlet.processRequest(FrameworkServlet.java:1006)
	at org.springframework.web.servlet.FrameworkServlet.doPost(FrameworkServlet.java:909)
	at javax.servlet.http.HttpServlet.service(HttpServlet.java:660)
	at org.springframework.web.servlet.FrameworkServlet.service(FrameworkServlet.java:883)
	at javax.servlet.http.HttpServlet.service(HttpServlet.java:741)
	at org.apache.catalina.core.ApplicationFilterChain.internalDoFilter(ApplicationFilterChain.java:231)
	at org.apache.catalina.core.ApplicationFilterChain.doFilter(ApplicationFilterChain.java:166)
	at org.apache.tomcat.websocket.server.WsFilter.doFilter(WsFilter.java:53)
	at org.apache.catalina.core.ApplicationFilterChain.internalDoFilter(ApplicationFilterChain.java:193)
	at org.apache.catalina.core.ApplicationFilterChain.doFilter(ApplicationFilterChain.java:166)
	at org.springframework.security.web.FilterChainProxy$VirtualFilterChain.doFilter(FilterChainProxy.java:320)
	at org.springframework.security.web.access.intercept.FilterSecurityInterceptor.invoke(FilterSecurityInterceptor.java:126)
	at org.springframework.security.web.access.intercept.FilterSecurityInterceptor.doFilter(FilterSecurityInterceptor.java:90)
	at org.springframework.security.web.FilterChainProxy$VirtualFilterChain.doFilter(FilterChainProxy.java:334)
	at org.springframework.security.web.access.ExceptionTranslationFilter.doFilter(ExceptionTranslationFilter.java:118)
	at org.springframework.security.web.FilterChainProxy$VirtualFilterChain.doFilter(FilterChainProxy.java:334)
	at org.springframework.security.web.session.SessionManagementFilter.doFilter(SessionManagementFilter.java:137)
	at org.springframework.security.web.FilterChainProxy$VirtualFilterChain.doFilter(FilterChainProxy.java:334)
	at org.springframework.security.web.authentication.AnonymousAuthenticationFilter.doFilter(AnonymousAuthenticationFilter.java:111)
	at org.springframework.security.web.FilterChainProxy$VirtualFilterChain.doFilter(FilterChainProxy.java:334)
	at org.springframework.security.web.servletapi.SecurityContextHolderAwareRequestFilter.doFilter(SecurityContextHolderAwareRequestFilter.java:158)
	at org.springframework.security.web.FilterChainProxy$VirtualFilterChain.doFilter(FilterChainProxy.java:334)
	at org.springframework.security.web.savedrequest.RequestCacheAwareFilter.doFilter(RequestCacheAwareFilter.java:63)
	at org.springframework.security.web.FilterChainProxy$VirtualFilterChain.doFilter(FilterChainProxy.java:334)
	at org.springframework.security.web.authentication.AbstractAuthenticationProcessingFilter.doFilter(AbstractAuthenticationProcessingFilter.java:200)
	at org.springframework.security.web.FilterChainProxy$VirtualFilterChain.doFilter(FilterChainProxy.java:334)
	at org.springframework.security.web.authentication.logout.LogoutFilter.doFilter(LogoutFilter.java:116)
	at org.springframework.security.web.FilterChainProxy$VirtualFilterChain.doFilter(FilterChainProxy.java:334)
	at org.springframework.security.web.header.HeaderWriterFilter.doHeadersAfter(HeaderWriterFilter.java:92)
	at org.springframework.security.web.header.HeaderWriterFilter.doFilterInternal(HeaderWriterFilter.java:77)
	at org.springframework.web.filter.OncePerRequestFilter.doFilter(OncePerRequestFilter.java:119)
	at org.springframework.security.web.FilterChainProxy$VirtualFilterChain.doFilter(FilterChainProxy.java:334)
	at org.springframework.security.web.context.SecurityContextPersistenceFilter.doFilter(SecurityContextPersistenceFilter.java:105)
	at org.springframework.security.web.FilterChainProxy$VirtualFilterChain.doFilter(FilterChainProxy.java:334)
	at org.springframework.security.web.context.request.async.WebAsyncManagerIntegrationFilter.doFilterInternal(WebAsyncManagerIntegrationFilter.java:56)
	at org.springframework.web.filter.OncePerRequestFilter.doFilter(OncePerRequestFilter.java:119)
	at org.springframework.security.web.FilterChainProxy$VirtualFilterChain.doFilter(FilterChainProxy.java:334)
	at org.springframework.security.web.FilterChainProxy.doFilterInternal(FilterChainProxy.java:215)
	at org.springframework.security.web.FilterChainProxy.doFilter(FilterChainProxy.java:178)
	at org.springframework.web.filter.DelegatingFilterProxy.invokeDelegate(DelegatingFilterProxy.java:358)
	at org.springframework.web.filter.DelegatingFilterProxy.doFilter(DelegatingFilterProxy.java:271)
	at org.apache.catalina.core.ApplicationFilterChain.internalDoFilter(ApplicationFilterChain.java:193)
	at org.apache.catalina.core.ApplicationFilterChain.doFilter(ApplicationFilterChain.java:166)
	at org.springframework.web.filter.RequestContextFilter.doFilterInternal(RequestContextFilter.java:100)
	at org.springframework.web.filter.OncePerRequestFilter.doFilter(OncePerRequestFilter.java:119)
	at org.apache.catalina.core.ApplicationFilterChain.internalDoFilter(ApplicationFilterChain.java:193)
	at org.apache.catalina.core.ApplicationFilterChain.doFilter(ApplicationFilterChain.java:166)
	at org.springframework.web.filter.FormContentFilter.doFilterInternal(FormContentFilter.java:93)
	at org.springframework.web.filter.OncePerRequestFilter.doFilter(OncePerRequestFilter.java:119)
	at org.apache.catalina.core.ApplicationFilterChain.internalDoFilter(ApplicationFilterChain.java:193)
	at org.apache.catalina.core.ApplicationFilterChain.doFilter(ApplicationFilterChain.java:166)
	at org.springframework.web.filter.CharacterEncodingFilter.doFilterInternal(CharacterEncodingFilter.java:201)
	at org.springframework.web.filter.OncePerRequestFilter.doFilter(OncePerRequestFilter.java:119)
	at org.apache.catalina.core.ApplicationFilterChain.internalDoFilter(ApplicationFilterChain.java:193)
	at org.apache.catalina.core.ApplicationFilterChain.doFilter(ApplicationFilterChain.java:166)
	at org.apache.catalina.core.StandardWrapperValve.invoke(StandardWrapperValve.java:202)
	at org.apache.catalina.core.StandardContextValve.invoke(StandardContextValve.java:96)
	at org.apache.catalina.authenticator.AuthenticatorBase.invoke(AuthenticatorBase.java:541)
	at org.apache.catalina.core.StandardHostValve.invoke(StandardHostValve.java:139)
	at org.apache.catalina.valves.ErrorReportValve.invoke(ErrorReportValve.java:92)
	at org.apache.catalina.core.StandardEngineValve.invoke(StandardEngineValve.java:74)
	at org.apache.catalina.connector.CoyoteAdapter.service(CoyoteAdapter.java:343)
	at org.apache.coyote.http11.Http11Processor.service(Http11Processor.java:373)
	at org.apache.coyote.AbstractProcessorLight.process(AbstractProcessorLight.java:65)
	at org.apache.coyote.AbstractProtocol$ConnectionHandler.process(AbstractProtocol.java:868)
	at org.apache.tomcat.util.net.NioEndpoint$SocketProcessor.doRun(NioEndpoint.java:1590)
	at org.apache.tomcat.util.net.SocketProcessorBase.run(SocketProcessorBase.java:49)
	at java.base/java.util.concurrent.ThreadPoolExecutor.runWorker(ThreadPoolExecutor.java:1128)
	at java.base/java.util.concurrent.ThreadPoolExecutor$Worker.run(ThreadPoolExecutor.java:628)
	at org.apache.tomcat.util.threads.TaskThread$WrappingRunnable.run(TaskThread.java:61)
	at java.base/java.lang.Thread.run(Thread.java:834)
2020-10-18 14:24:00 INFO  [SpringContextShutdownHook]  o.s.s.c.ThreadPoolTaskExecutor - Shutting down ExecutorService 'applicationTaskExecutor'
2020-10-18 14:24:00 INFO  [SpringContextShutdownHook]  c.a.druid.pool.DruidDataSource - {dataSource-1} closing ...
2020-10-18 14:24:00 INFO  [SpringContextShutdownHook]  c.a.druid.pool.DruidDataSource - {dataSource-1} closed
2020-10-18 14:43:16 INFO  [restartedMain]  com.MyblogApplication - Starting MyblogApplication on zlfdeMBP.lan with PID 1764 (/Users/zlf/Desktop/myblog/target/classes started by zlf in /Users/zlf/Desktop/myblog)
2020-10-18 14:43:16 INFO  [restartedMain]  com.MyblogApplication - No active profile set, falling back to default profiles: default
2020-10-18 14:43:16 INFO  [restartedMain]  o.s.b.d.e.DevToolsPropertyDefaultsPostProcessor - Devtools property defaults active! Set 'spring.devtools.add-properties' to 'false' to disable
2020-10-18 14:43:16 INFO  [restartedMain]  o.s.b.d.e.DevToolsPropertyDefaultsPostProcessor - For additional web related logging consider setting the 'logging.level.web' property to 'DEBUG'
2020-10-18 14:43:19 INFO  [restartedMain]  o.s.b.w.e.t.TomcatWebServer - Tomcat initialized with port(s): 8080 (http)
2020-10-18 14:43:19 INFO  [restartedMain]  o.a.c.http11.Http11NioProtocol - Initializing ProtocolHandler ["http-nio-8080"]
2020-10-18 14:43:19 INFO  [restartedMain]  o.a.c.core.StandardService - Starting service [Tomcat]
2020-10-18 14:43:19 INFO  [restartedMain]  o.a.c.core.StandardEngine - Starting Servlet engine: [Apache Tomcat/9.0.36]
2020-10-18 14:43:19 INFO  [restartedMain]  o.a.c.c.C.[.[localhost].[/] - Initializing Spring embedded WebApplicationContext
2020-10-18 14:43:19 INFO  [restartedMain]  o.s.b.w.s.c.ServletWebServerApplicationContext - Root WebApplicationContext: initialization completed in 3015 ms
2020-10-18 14:43:20 INFO  [restartedMain]  o.s.s.w.DefaultSecurityFilterChain - Creating filter chain: any request, [org.springframework.security.web.context.request.async.WebAsyncManagerIntegrationFilter@4345ecd0, org.springframework.security.web.context.SecurityContextPersistenceFilter@6db7a66e, org.springframework.security.web.header.HeaderWriterFilter@3ce9d4b7, org.springframework.security.web.authentication.logout.LogoutFilter@51ce9ee3, org.springframework.security.web.authentication.UsernamePasswordAuthenticationFilter@5df744f4, org.springframework.security.web.savedrequest.RequestCacheAwareFilter@78d4b7e4, org.springframework.security.web.servletapi.SecurityContextHolderAwareRequestFilter@1aae8b8c, org.springframework.security.web.authentication.AnonymousAuthenticationFilter@58514095, org.springframework.security.web.session.SessionManagementFilter@43d9aa90, org.springframework.security.web.access.ExceptionTranslationFilter@955742f, org.springframework.security.web.access.intercept.FilterSecurityInterceptor@453f168]
2020-10-18 14:43:20 INFO  [restartedMain]  s.d.s.w.PropertySourcedRequestMappingHandlerMapping - Mapped URL path [/v2/api-docs] onto method [springfox.documentation.swagger2.web.Swagger2Controller#getDocumentation(String, HttpServletRequest)]
2020-10-18 14:43:20 INFO  [restartedMain]  o.s.s.c.ThreadPoolTaskExecutor - Initializing ExecutorService 'applicationTaskExecutor'
2020-10-18 14:43:20 INFO  [restartedMain]  o.s.b.d.a.OptionalLiveReloadServer - LiveReload server is running on port 35729
2020-10-18 14:43:20 INFO  [restartedMain]  o.s.b.a.w.s.WelcomePageHandlerMapping - Adding welcome page template: index
2020-10-18 14:43:20 INFO  [restartedMain]  o.a.c.http11.Http11NioProtocol - Starting ProtocolHandler ["http-nio-8080"]
2020-10-18 14:43:20 INFO  [restartedMain]  o.s.b.w.e.t.TomcatWebServer - Tomcat started on port(s): 8080 (http) with context path ''
2020-10-18 14:43:20 INFO  [restartedMain]  s.d.s.w.p.DocumentationPluginsBootstrapper - Context refreshed
2020-10-18 14:43:20 INFO  [restartedMain]  s.d.s.w.p.DocumentationPluginsBootstrapper - Found 1 custom documentation plugin(s)
2020-10-18 14:43:20 INFO  [restartedMain]  s.d.s.w.s.ApiListingReferenceScanner - Scanning for api listing references
2020-10-18 14:43:20 INFO  [http-nio-8080-exec-1]  o.a.c.c.C.[.[localhost].[/] - Initializing Spring DispatcherServlet 'dispatcherServlet'
2020-10-18 14:43:20 INFO  [http-nio-8080-exec-1]  o.s.w.s.DispatcherServlet - Initializing Servlet 'dispatcherServlet'
2020-10-18 14:43:20 INFO  [http-nio-8080-exec-1]  o.s.w.s.DispatcherServlet - Completed initialization in 11 ms
2020-10-18 14:43:20 INFO  [restartedMain]  s.d.s.w.r.o.CachingOperationNameGenerator - Generating unique operation named: addBlogUsingGET_1
2020-10-18 14:43:20 INFO  [restartedMain]  s.d.s.w.r.o.CachingOperationNameGenerator - Generating unique operation named: addBlogUsingHEAD_1
2020-10-18 14:43:20 INFO  [restartedMain]  s.d.s.w.r.o.CachingOperationNameGenerator - Generating unique operation named: addBlogUsingPOST_1
2020-10-18 14:43:20 INFO  [restartedMain]  s.d.s.w.r.o.CachingOperationNameGenerator - Generating unique operation named: addBlogUsingPUT_1
2020-10-18 14:43:20 INFO  [restartedMain]  s.d.s.w.r.o.CachingOperationNameGenerator - Generating unique operation named: addBlogUsingPATCH_1
2020-10-18 14:43:20 INFO  [restartedMain]  s.d.s.w.r.o.CachingOperationNameGenerator - Generating unique operation named: addBlogUsingDELETE_1
2020-10-18 14:43:20 INFO  [restartedMain]  s.d.s.w.r.o.CachingOperationNameGenerator - Generating unique operation named: addBlogUsingOPTIONS_1
2020-10-18 14:43:20 INFO  [restartedMain]  s.d.s.w.r.o.CachingOperationNameGenerator - Generating unique operation named: addBlogUsingTRACE_1
2020-10-18 14:43:20 INFO  [restartedMain]  s.d.s.w.r.o.CachingOperationNameGenerator - Generating unique operation named: adminIndexUsingGET_1
2020-10-18 14:43:20 INFO  [restartedMain]  s.d.s.w.r.o.CachingOperationNameGenerator - Generating unique operation named: adminIndexUsingHEAD_1
2020-10-18 14:43:20 INFO  [restartedMain]  s.d.s.w.r.o.CachingOperationNameGenerator - Generating unique operation named: adminIndexUsingPOST_1
2020-10-18 14:43:20 INFO  [restartedMain]  s.d.s.w.r.o.CachingOperationNameGenerator - Generating unique operation named: adminIndexUsingPUT_1
2020-10-18 14:43:20 INFO  [restartedMain]  s.d.s.w.r.o.CachingOperationNameGenerator - Generating unique operation named: adminIndexUsingPATCH_1
2020-10-18 14:43:20 INFO  [restartedMain]  s.d.s.w.r.o.CachingOperationNameGenerator - Generating unique operation named: adminIndexUsingDELETE_1
2020-10-18 14:43:20 INFO  [restartedMain]  s.d.s.w.r.o.CachingOperationNameGenerator - Generating unique operation named: adminIndexUsingOPTIONS_1
2020-10-18 14:43:20 INFO  [restartedMain]  s.d.s.w.r.o.CachingOperationNameGenerator - Generating unique operation named: adminIndexUsingTRACE_1
2020-10-18 14:43:20 INFO  [restartedMain]  s.d.s.w.r.o.CachingOperationNameGenerator - Generating unique operation named: indexUsingGET_1
2020-10-18 14:43:20 INFO  [restartedMain]  com.MyblogApplication - Started MyblogApplication in 5.146 seconds (JVM running for 5.949)
2020-10-18 14:43:20 INFO  [http-nio-8080-exec-1]  c.a.druid.pool.DruidDataSource - {dataSource-1} inited
2020-10-18 14:43:49 WARN  [http-nio-8080-exec-8]  o.s.w.s.m.s.DefaultHandlerExceptionResolver - Resolved [org.springframework.web.method.annotation.MethodArgumentTypeMismatchException: Failed to convert value of type 'java.lang.String' to required type 'java.util.Date'; nested exception is org.springframework.core.convert.ConversionFailedException: Failed to convert from type [java.lang.String] to type [@org.springframework.web.bind.annotation.RequestParam java.util.Date] for value 'Sun Oct 18 2020 14:43:49 GMT+0800 (中国标准时间)'; nested exception is java.lang.IllegalArgumentException: Parse attempt failed for value [Sun Oct 18 2020 14:43:49 GMT+0800 (中国标准时间)]]
2020-10-18 15:34:15 INFO  [SpringContextShutdownHook]  o.s.s.c.ThreadPoolTaskExecutor - Shutting down ExecutorService 'applicationTaskExecutor'
2020-10-18 15:34:15 INFO  [SpringContextShutdownHook]  c.a.druid.pool.DruidDataSource - {dataSource-1} closing ...
2020-10-18 15:34:15 INFO  [SpringContextShutdownHook]  c.a.druid.pool.DruidDataSource - {dataSource-1} closed
